<?xml version="1.0" encoding="UTF-8"?>
<testsuite xmlns:xsi="http://www.w3.org/2001/XMLSchema-instance" xsi:noNamespaceSchemaLocation="https://maven.apache.org/surefire/maven-surefire-plugin/xsd/surefire-test-report-3.0.xsd" version="3.0" name="com.example.demo.DemoApplicationTests" time="3.734" tests="1" errors="0" skipped="0" failures="0">
  <properties>
[...]
</properties>
  <testcase name="contextLoads" classname="com.example.demo.DemoApplicationTests" time="1.059">
    <system-out><![CDATA[12:15:02.059 [main] INFO org.springframework.test.context.support.AnnotationConfigContextLoaderUtils -- Could not detect default configuration classes for test class [com.example.demo.DemoApplicationTests]: DemoApplicationTests does not declare any static, non-private, non-final, nested classes annotated with @Configuration.
12:15:02.198 [main] INFO org.springframework.boot.test.context.SpringBootTestContextBootstrapper -- Found @SpringBootConfiguration com.example.demo.DemoApplication for test class com.example.demo.DemoApplicationTests
2023-05-20T12:15:02.639+05:30 TRACE 5960 --- [           main] o.s.c.io.support.SpringFactoriesLoader   : Loaded [org.springframework.boot.ApplicationContextFactory] names: [org.springframework.boot.web.reactive.context.ReactiveWebServerApplicationContextFactory, org.springframework.boot.web.servlet.context.ServletWebServerApplicationContextFactory]

  .   ____          _            __ _ _
 /\\ / ___'_ __ _ _(_)_ __  __ _ \ \ \ \
( ( )\___ | '_ | '_| | '_ \/ _` | \ \ \ \
 \\/  ___)| |_)| | | | | || (_| |  ) ) ) )
  '  |____| .__|_| |_|_| |_\__, | / / / /
 =========|_|==============|___/=/_/_/_/
 :: Spring Boot ::                (v3.1.0)

2023-05-20T12:15:02.697+05:30 TRACE 5960 --- [           main] o.s.b.f.s.DefaultListableBeanFactory     : Registering scope 'restart' with implementation [org.springframework.boot.devtools.restart.RestartScopeInitializer$RestartScope@52eacb4b]
2023-05-20T12:15:02.706+05:30  INFO 5960 --- [           main] com.example.demo.DemoApplicationTests    : Starting DemoApplicationTests using Java 17.0.6 with PID 5960 (started by HP in C:\Users\HP\Desktop\github\demo (1)\demo)
2023-05-20T12:15:02.708+05:30  INFO 5960 --- [           main] com.example.demo.DemoApplicationTests    : The following 1 profile is active: "dev"
2023-05-20T12:15:02.709+05:30 DEBUG 5960 --- [           main] o.s.boot.SpringApplication               : Loading source class com.example.demo.DemoApplication
2023-05-20T12:15:02.736+05:30 TRACE 5960 --- [           main] o.s.c.a.ClassPathBeanDefinitionScanner   : JSR-250 'jakarta.annotation.ManagedBean' found and supported for component scanning
2023-05-20T12:15:02.751+05:30 TRACE 5960 --- [           main] uePropertySourceEnvironmentPostProcessor : RandomValuePropertySource add to Environment
2023-05-20T12:15:02.751+05:30 TRACE 5960 --- [           main] b.c.c.ConfigDataEnvironmentPostProcessor : Post-processing environment to add config data
2023-05-20T12:15:02.751+05:30 TRACE 5960 --- [           main] o.s.b.c.config.ConfigDataEnvironment     : Building config data environment contributors
2023-05-20T12:15:02.752+05:30 TRACE 5960 --- [           main] o.s.b.c.config.ConfigDataEnvironment     : Creating wrapped config data contributor for 'Inlined Test Properties'
2023-05-20T12:15:02.752+05:30 TRACE 5960 --- [           main] o.s.b.c.config.ConfigDataEnvironment     : Creating wrapped config data contributor for 'configurationProperties'
2023-05-20T12:15:02.752+05:30 TRACE 5960 --- [           main] o.s.b.c.config.ConfigDataEnvironment     : Creating wrapped config data contributor for 'servletConfigInitParams'
2023-05-20T12:15:02.752+05:30 TRACE 5960 --- [           main] o.s.b.c.config.ConfigDataEnvironment     : Creating wrapped config data contributor for 'servletContextInitParams'
2023-05-20T12:15:02.752+05:30 TRACE 5960 --- [           main] o.s.b.c.config.ConfigDataEnvironment     : Creating wrapped config data contributor for 'systemProperties'
2023-05-20T12:15:02.752+05:30 TRACE 5960 --- [           main] o.s.b.c.config.ConfigDataEnvironment     : Creating wrapped config data contributor for 'systemEnvironment'
2023-05-20T12:15:02.752+05:30 TRACE 5960 --- [           main] o.s.b.c.config.ConfigDataEnvironment     : Creating wrapped config data contributor for 'random'
2023-05-20T12:15:02.752+05:30 TRACE 5960 --- [           main] o.s.b.c.config.ConfigDataEnvironment     : Adding initial config data import from location 'optional:file:./;optional:file:./config/;optional:file:./config/*/'
2023-05-20T12:15:02.753+05:30 TRACE 5960 --- [           main] o.s.b.c.config.ConfigDataEnvironment     : Adding initial config data import from location 'optional:classpath:/;optional:classpath:/config/'
2023-05-20T12:15:02.753+05:30 TRACE 5960 --- [           main] o.s.b.c.config.ConfigDataEnvironment     : Processing initial config data environment contributors without activation context
2023-05-20T12:15:02.753+05:30 TRACE 5960 --- [           main] .b.c.c.ConfigDataEnvironmentContributors : Processing imports for phase BEFORE_PROFILE_ACTIVATION. no activation context
2023-05-20T12:15:02.753+05:30 TRACE 5960 --- [           main] .b.c.c.ConfigDataEnvironmentContributors : Processing imports [optional:file:./;optional:file:./config/;optional:file:./config/*/]
2023-05-20T12:15:02.753+05:30 TRACE 5960 --- [           main] b.c.c.StandardConfigDataLocationResolver : Skipping missing resource file:./application.yaml
2023-05-20T12:15:02.753+05:30 TRACE 5960 --- [           main] b.c.c.StandardConfigDataLocationResolver : Skipping missing resource file:./application.yml
2023-05-20T12:15:02.753+05:30 TRACE 5960 --- [           main] b.c.c.StandardConfigDataLocationResolver : Skipping missing resource file:./application.xml
2023-05-20T12:15:02.753+05:30 TRACE 5960 --- [           main] b.c.c.StandardConfigDataLocationResolver : Skipping missing resource file:./application.properties
2023-05-20T12:15:02.753+05:30 TRACE 5960 --- [           main] b.c.c.StandardConfigDataLocationResolver : Skipping missing resource file:./config/application.yaml
2023-05-20T12:15:02.754+05:30 TRACE 5960 --- [           main] b.c.c.StandardConfigDataLocationResolver : Skipping missing resource file:./config/application.yml
2023-05-20T12:15:02.754+05:30 TRACE 5960 --- [           main] b.c.c.StandardConfigDataLocationResolver : Skipping missing resource file:./config/application.xml
2023-05-20T12:15:02.754+05:30 TRACE 5960 --- [           main] b.c.c.StandardConfigDataLocationResolver : Skipping missing resource file:./config/application.properties
2023-05-20T12:15:02.755+05:30 TRACE 5960 --- [           main] o.s.b.context.config.ConfigDataImporter  : Considering resource file [.] from location optional:file:./;optional:file:./config/;optional:file:./config/*/
2023-05-20T12:15:02.756+05:30 TRACE 5960 --- [           main] o.s.b.context.config.ConfigDataLoaders   : Loading file [.] using loader org.springframework.boot.context.config.StandardConfigDataLoader
2023-05-20T12:15:02.756+05:30 TRACE 5960 --- [           main] o.s.b.context.config.ConfigDataImporter  : Loaded resource file [.] from location optional:file:./;optional:file:./config/;optional:file:./config/*/
2023-05-20T12:15:02.761+05:30 TRACE 5960 --- [           main] .b.c.c.ConfigDataEnvironmentContributors : Imported 1 resource [file [.]]
2023-05-20T12:15:02.761+05:30 TRACE 5960 --- [           main] .b.c.c.ConfigDataEnvironmentContributors : Processing imports [optional:classpath:/;optional:classpath:/config/]
2023-05-20T12:15:02.761+05:30 TRACE 5960 --- [           main] b.c.c.StandardConfigDataLocationResolver : Skipping missing resource classpath:/application.yaml
2023-05-20T12:15:02.761+05:30 TRACE 5960 --- [           main] b.c.c.StandardConfigDataLocationResolver : Skipping missing resource classpath:/application.yml
2023-05-20T12:15:02.761+05:30 TRACE 5960 --- [           main] b.c.c.StandardConfigDataLocationResolver : Skipping missing resource classpath:/application.xml
2023-05-20T12:15:02.761+05:30 TRACE 5960 --- [           main] b.c.c.StandardConfigDataLocationResolver : Skipping missing resource classpath:/config/application.yaml
2023-05-20T12:15:02.761+05:30 TRACE 5960 --- [           main] b.c.c.StandardConfigDataLocationResolver : Skipping missing resource classpath:/config/application.yml
2023-05-20T12:15:02.761+05:30 TRACE 5960 --- [           main] b.c.c.StandardConfigDataLocationResolver : Skipping missing resource classpath:/config/application.xml
2023-05-20T12:15:02.761+05:30 TRACE 5960 --- [           main] b.c.c.StandardConfigDataLocationResolver : Skipping missing resource classpath:/config/application.properties
2023-05-20T12:15:02.761+05:30 TRACE 5960 --- [           main] o.s.b.context.config.ConfigDataImporter  : Considering resource class path resource [application.properties] from location optional:classpath:/;optional:classpath:/config/
2023-05-20T12:15:02.761+05:30 TRACE 5960 --- [           main] o.s.b.context.config.ConfigDataLoaders   : Loading class path resource [application.properties] using loader org.springframework.boot.context.config.StandardConfigDataLoader
2023-05-20T12:15:02.761+05:30 TRACE 5960 --- [           main] o.s.b.context.config.ConfigDataImporter  : Loaded resource class path resource [application.properties] from location optional:classpath:/;optional:classpath:/config/
2023-05-20T12:15:02.761+05:30 TRACE 5960 --- [           main] .b.c.c.ConfigDataEnvironmentContributors : Imported 1 resource [class path resource [application.properties]]
2023-05-20T12:15:02.762+05:30 TRACE 5960 --- [           main] .b.c.c.ConfigDataEnvironmentContributors : Processed imports for of 2 contributors
2023-05-20T12:15:02.762+05:30 TRACE 5960 --- [           main] o.s.b.c.config.ConfigDataEnvironment     : Creating config data activation context from initial contributions
2023-05-20T12:15:02.762+05:30 TRACE 5960 --- [           main] o.s.b.c.config.ConfigDataEnvironment     : Processing config data environment contributors with initial activation context
2023-05-20T12:15:02.764+05:30 TRACE 5960 --- [           main] .b.c.c.ConfigDataEnvironmentContributors : Processing imports for phase BEFORE_PROFILE_ACTIVATION. [ConfigDataActivationContext@57dc9128 cloudPlatform = [null], profiles = [null]]
2023-05-20T12:15:02.764+05:30 TRACE 5960 --- [           main] .b.c.c.ConfigDataEnvironmentContributors : Processed imports for of 0 contributors
2023-05-20T12:15:02.764+05:30 TRACE 5960 --- [           main] o.s.b.c.config.ConfigDataEnvironment     : Deducing profiles from current config data environment contributors
2023-05-20T12:15:02.764+05:30 TRACE 5960 --- [           main] o.s.b.c.config.ConfigDataEnvironment     : Processing config data environment contributors with profile activation context
2023-05-20T12:15:02.765+05:30 TRACE 5960 --- [           main] .b.c.c.ConfigDataEnvironmentContributors : Processing imports for phase AFTER_PROFILE_ACTIVATION. [ConfigDataActivationContext@24528a25 cloudPlatform = [null], profiles = [Profiles@17ae98d7 active = '[dev]', default = '[default]', accepted = '[dev]']]
2023-05-20T12:15:02.765+05:30 TRACE 5960 --- [           main] .b.c.c.ConfigDataEnvironmentContributors : Processing imports [optional:file:./;optional:file:./config/;optional:file:./config/*/]
2023-05-20T12:15:02.765+05:30 TRACE 5960 --- [           main] b.c.c.StandardConfigDataLocationResolver : Skipping missing resource file:./application.yaml
2023-05-20T12:15:02.765+05:30 TRACE 5960 --- [           main] b.c.c.StandardConfigDataLocationResolver : Skipping missing resource file:./application.yml
2023-05-20T12:15:02.765+05:30 TRACE 5960 --- [           main] b.c.c.StandardConfigDataLocationResolver : Skipping missing resource file:./application.xml
2023-05-20T12:15:02.765+05:30 TRACE 5960 --- [           main] b.c.c.StandardConfigDataLocationResolver : Skipping missing resource file:./application.properties
2023-05-20T12:15:02.766+05:30 TRACE 5960 --- [           main] b.c.c.StandardConfigDataLocationResolver : Skipping missing resource file:./config/application.yaml
2023-05-20T12:15:02.766+05:30 TRACE 5960 --- [           main] b.c.c.StandardConfigDataLocationResolver : Skipping missing resource file:./config/application.yml
2023-05-20T12:15:02.766+05:30 TRACE 5960 --- [           main] b.c.c.StandardConfigDataLocationResolver : Skipping missing resource file:./config/application.xml
2023-05-20T12:15:02.766+05:30 TRACE 5960 --- [           main] b.c.c.StandardConfigDataLocationResolver : Skipping missing resource file:./config/application.properties
2023-05-20T12:15:02.766+05:30 TRACE 5960 --- [           main] b.c.c.StandardConfigDataLocationResolver : Skipping missing resource file:./application-dev.yaml
2023-05-20T12:15:02.766+05:30 TRACE 5960 --- [           main] b.c.c.StandardConfigDataLocationResolver : Skipping missing resource file:./application-dev.yml
2023-05-20T12:15:02.766+05:30 TRACE 5960 --- [           main] b.c.c.StandardConfigDataLocationResolver : Skipping missing resource file:./application-dev.xml
2023-05-20T12:15:02.767+05:30 TRACE 5960 --- [           main] b.c.c.StandardConfigDataLocationResolver : Skipping missing resource file:./application-dev.properties
2023-05-20T12:15:02.767+05:30 TRACE 5960 --- [           main] b.c.c.StandardConfigDataLocationResolver : Skipping missing resource file:./config/application-dev.yaml
2023-05-20T12:15:02.767+05:30 TRACE 5960 --- [           main] b.c.c.StandardConfigDataLocationResolver : Skipping missing resource file:./config/application-dev.yml
2023-05-20T12:15:02.767+05:30 TRACE 5960 --- [           main] b.c.c.StandardConfigDataLocationResolver : Skipping missing resource file:./config/application-dev.xml
2023-05-20T12:15:02.767+05:30 TRACE 5960 --- [           main] b.c.c.StandardConfigDataLocationResolver : Skipping missing resource file:./config/application-dev.properties
2023-05-20T12:15:02.767+05:30 TRACE 5960 --- [           main] o.s.b.context.config.ConfigDataImporter  : Considering resource file [.] from location optional:file:./;optional:file:./config/;optional:file:./config/*/
2023-05-20T12:15:02.767+05:30 TRACE 5960 --- [           main] o.s.b.context.config.ConfigDataImporter  : Already loaded resource file [.] ignoring location optional:file:./;optional:file:./config/;optional:file:./config/*/
2023-05-20T12:15:02.767+05:30 TRACE 5960 --- [           main] o.s.b.context.config.ConfigDataImporter  : Considering resource file [.] from location optional:file:./;optional:file:./config/;optional:file:./config/*/
2023-05-20T12:15:02.768+05:30 TRACE 5960 --- [           main] o.s.b.context.config.ConfigDataImporter  : Already loaded resource file [.] ignoring location optional:file:./;optional:file:./config/;optional:file:./config/*/
2023-05-20T12:15:02.768+05:30 TRACE 5960 --- [           main] .b.c.c.ConfigDataEnvironmentContributors : Nothing imported
2023-05-20T12:15:02.768+05:30 TRACE 5960 --- [           main] .b.c.c.ConfigDataEnvironmentContributors : Processing imports [optional:classpath:/;optional:classpath:/config/]
2023-05-20T12:15:02.768+05:30 TRACE 5960 --- [           main] b.c.c.StandardConfigDataLocationResolver : Skipping missing resource classpath:/application.yaml
2023-05-20T12:15:02.768+05:30 TRACE 5960 --- [           main] b.c.c.StandardConfigDataLocationResolver : Skipping missing resource classpath:/application.yml
2023-05-20T12:15:02.768+05:30 TRACE 5960 --- [           main] b.c.c.StandardConfigDataLocationResolver : Skipping missing resource classpath:/application.xml
2023-05-20T12:15:02.768+05:30 TRACE 5960 --- [           main] b.c.c.StandardConfigDataLocationResolver : Skipping missing resource classpath:/config/application.yaml
2023-05-20T12:15:02.768+05:30 TRACE 5960 --- [           main] b.c.c.StandardConfigDataLocationResolver : Skipping missing resource classpath:/config/application.yml
2023-05-20T12:15:02.769+05:30 TRACE 5960 --- [           main] b.c.c.StandardConfigDataLocationResolver : Skipping missing resource classpath:/config/application.xml
2023-05-20T12:15:02.769+05:30 TRACE 5960 --- [           main] b.c.c.StandardConfigDataLocationResolver : Skipping missing resource classpath:/config/application.properties
2023-05-20T12:15:02.769+05:30 TRACE 5960 --- [           main] b.c.c.StandardConfigDataLocationResolver : Skipping missing resource classpath:/application-dev.yaml
2023-05-20T12:15:02.769+05:30 TRACE 5960 --- [           main] b.c.c.StandardConfigDataLocationResolver : Skipping missing resource classpath:/application-dev.yml
2023-05-20T12:15:02.769+05:30 TRACE 5960 --- [           main] b.c.c.StandardConfigDataLocationResolver : Skipping missing resource classpath:/application-dev.xml
2023-05-20T12:15:02.769+05:30 TRACE 5960 --- [           main] b.c.c.StandardConfigDataLocationResolver : Skipping missing resource classpath:/config/application-dev.yaml
2023-05-20T12:15:02.769+05:30 TRACE 5960 --- [           main] b.c.c.StandardConfigDataLocationResolver : Skipping missing resource classpath:/config/application-dev.yml
2023-05-20T12:15:02.769+05:30 TRACE 5960 --- [           main] b.c.c.StandardConfigDataLocationResolver : Skipping missing resource classpath:/config/application-dev.xml
2023-05-20T12:15:02.770+05:30 TRACE 5960 --- [           main] b.c.c.StandardConfigDataLocationResolver : Skipping missing resource classpath:/config/application-dev.properties
2023-05-20T12:15:02.770+05:30 TRACE 5960 --- [           main] o.s.b.context.config.ConfigDataImporter  : Considering resource class path resource [application-dev.properties] from location optional:classpath:/;optional:classpath:/config/
2023-05-20T12:15:02.770+05:30 TRACE 5960 --- [           main] o.s.b.context.config.ConfigDataLoaders   : Loading class path resource [application-dev.properties] using loader org.springframework.boot.context.config.StandardConfigDataLoader
2023-05-20T12:15:02.770+05:30 TRACE 5960 --- [           main] o.s.b.context.config.ConfigDataImporter  : Loaded resource class path resource [application-dev.properties] from location optional:classpath:/;optional:classpath:/config/
2023-05-20T12:15:02.770+05:30 TRACE 5960 --- [           main] o.s.b.context.config.ConfigDataImporter  : Considering resource class path resource [application.properties] from location optional:classpath:/;optional:classpath:/config/
2023-05-20T12:15:02.770+05:30 TRACE 5960 --- [           main] o.s.b.context.config.ConfigDataImporter  : Already loaded resource class path resource [application.properties] ignoring location optional:classpath:/;optional:classpath:/config/
2023-05-20T12:15:02.770+05:30 TRACE 5960 --- [           main] .b.c.c.ConfigDataEnvironmentContributors : Imported 1 resource [class path resource [application-dev.properties]]
2023-05-20T12:15:02.771+05:30 TRACE 5960 --- [           main] .b.c.c.ConfigDataEnvironmentContributors : Processed imports for of 2 contributors
2023-05-20T12:15:02.771+05:30 TRACE 5960 --- [           main] o.s.b.c.config.ConfigDataEnvironment     : Applying config data environment contributions
2023-05-20T12:15:02.771+05:30 TRACE 5960 --- [           main] o.s.b.c.config.ConfigDataEnvironment     : Adding imported property source 'Config resource 'class path resource [application-dev.properties]' via location 'optional:classpath:/''
2023-05-20T12:15:02.771+05:30 TRACE 5960 --- [           main] o.s.b.c.config.ConfigDataEnvironment     : Adding imported property source 'Config resource 'class path resource [application.properties]' via location 'optional:classpath:/''
2023-05-20T12:15:02.771+05:30 TRACE 5960 --- [           main] o.s.b.c.config.ConfigDataEnvironment     : Setting default profiles: [default]
2023-05-20T12:15:02.771+05:30 TRACE 5960 --- [           main] o.s.b.c.config.ConfigDataEnvironment     : Setting active profiles: [dev]
2023-05-20T12:15:02.784+05:30 TRACE 5960 --- [           main] o.s.w.c.s.GenericWebApplicationContext   : Refreshing org.springframework.web.context.support.GenericWebApplicationContext@22c01ab0, started on Sat May 20 12:15:02 IST 2023
2023-05-20T12:15:02.802+05:30 TRACE 5960 --- [           main] o.s.b.f.s.DefaultListableBeanFactory     : Registering scope 'request' with implementation [org.springframework.web.context.request.RequestScope@66f66866]
2023-05-20T12:15:02.802+05:30 TRACE 5960 --- [           main] o.s.b.f.s.DefaultListableBeanFactory     : Registering scope 'session' with implementation [org.springframework.web.context.request.SessionScope@30f4b1a6]
2023-05-20T12:15:02.803+05:30 TRACE 5960 --- [           main] o.s.b.f.s.DefaultListableBeanFactory     : Registering scope 'application' with implementation [org.springframework.web.context.support.ServletContextScope@350b3a17]
2023-05-20T12:15:02.822+05:30 DEBUG 5960 --- [           main] o.s.b.f.s.DefaultListableBeanFactory     : Creating shared instance of singleton bean 'org.springframework.context.annotation.internalConfigurationAnnotationProcessor'
2023-05-20T12:15:02.823+05:30 TRACE 5960 --- [           main] o.s.b.f.s.DefaultListableBeanFactory     : Creating instance of bean 'org.springframework.context.annotation.internalConfigurationAnnotationProcessor'
2023-05-20T12:15:02.855+05:30 DEBUG 5960 --- [           main] o.s.b.f.s.DefaultListableBeanFactory     : Creating shared instance of singleton bean 'org.springframework.boot.autoconfigure.internalCachingMetadataReaderFactory'
2023-05-20T12:15:02.855+05:30 TRACE 5960 --- [           main] o.s.b.f.s.DefaultListableBeanFactory     : Creating instance of bean 'org.springframework.boot.autoconfigure.internalCachingMetadataReaderFactory'
2023-05-20T12:15:02.857+05:30 TRACE 5960 --- [           main] o.s.b.f.s.DefaultListableBeanFactory     : Finished creating instance of bean 'org.springframework.boot.autoconfigure.internalCachingMetadataReaderFactory'
2023-05-20T12:15:02.864+05:30 TRACE 5960 --- [           main] o.s.c.io.support.SpringFactoriesLoader   : Loaded [org.springframework.beans.BeanInfoFactory] names: []
2023-05-20T12:15:02.865+05:30 TRACE 5960 --- [           main] o.s.beans.CachedIntrospectionResults     : Getting BeanInfo for class [org.springframework.context.annotation.ConfigurationClassPostProcessor]
2023-05-20T12:15:02.870+05:30 TRACE 5960 --- [           main] o.s.beans.CachedIntrospectionResults     : Caching PropertyDescriptors for class [org.springframework.context.annotation.ConfigurationClassPostProcessor]
2023-05-20T12:15:02.871+05:30 TRACE 5960 --- [           main] o.s.beans.CachedIntrospectionResults     : Found bean property 'applicationStartup' of type [org.springframework.core.metrics.ApplicationStartup]
2023-05-20T12:15:02.871+05:30 TRACE 5960 --- [           main] o.s.beans.CachedIntrospectionResults     : Found bean property 'beanClassLoader' of type [java.lang.ClassLoader]
2023-05-20T12:15:02.872+05:30 TRACE 5960 --- [           main] o.s.beans.CachedIntrospectionResults     : Found bean property 'beanExcludedFromAotProcessing' of type [boolean]
2023-05-20T12:15:02.872+05:30 TRACE 5960 --- [           main] o.s.beans.CachedIntrospectionResults     : Found bean property 'beanNameGenerator' of type [org.springframework.beans.factory.support.BeanNameGenerator]
2023-05-20T12:15:02.873+05:30 TRACE 5960 --- [           main] o.s.beans.CachedIntrospectionResults     : Found bean property 'class' of type [java.lang.Class]
2023-05-20T12:15:02.874+05:30 TRACE 5960 --- [           main] o.s.beans.CachedIntrospectionResults     : Found bean property 'environment' of type [org.springframework.core.env.Environment]
2023-05-20T12:15:02.874+05:30 TRACE 5960 --- [           main] o.s.beans.CachedIntrospectionResults     : Found bean property 'metadataReaderFactory' of type [org.springframework.core.type.classreading.MetadataReaderFactory]
2023-05-20T12:15:02.874+05:30 TRACE 5960 --- [           main] o.s.beans.CachedIntrospectionResults     : Found bean property 'order' of type [int]
2023-05-20T12:15:02.875+05:30 TRACE 5960 --- [           main] o.s.beans.CachedIntrospectionResults     : Found bean property 'problemReporter' of type [org.springframework.beans.factory.parsing.ProblemReporter]
2023-05-20T12:15:02.875+05:30 TRACE 5960 --- [           main] o.s.beans.CachedIntrospectionResults     : Found bean property 'resourceLoader' of type [org.springframework.core.io.ResourceLoader]
2023-05-20T12:15:02.875+05:30 TRACE 5960 --- [           main] o.s.beans.CachedIntrospectionResults     : Found bean property 'sourceExtractor' of type [org.springframework.beans.factory.parsing.SourceExtractor]
2023-05-20T12:15:02.879+05:30 TRACE 5960 --- [           main] o.s.b.f.s.DefaultListableBeanFactory     : Finished creating instance of bean 'org.springframework.context.annotation.internalConfigurationAnnotationProcessor'
2023-05-20T12:15:02.896+05:30 TRACE 5960 --- [           main] o.s.c.a.ClassPathBeanDefinitionScanner   : JSR-250 'jakarta.annotation.ManagedBean' found and supported for component scanning
2023-05-20T12:15:02.900+05:30 TRACE 5960 --- [           main] .i.s.PathMatchingResourcePatternResolver : Resolved module-path location pattern [com/example/demo/**/*.class] to resources []
2023-05-20T12:15:02.901+05:30 TRACE 5960 --- [           main] .i.s.PathMatchingResourcePatternResolver : Resolved module-path location pattern [com/example/demo/] to resources []
2023-05-20T12:15:02.902+05:30 TRACE 5960 --- [           main] .i.s.PathMatchingResourcePatternResolver : Resolved classpath location [com/example/demo/] to resources [file [C:\Users\HP\Desktop\github\demo (1)\demo\target\test-classes\com\example\demo], file [C:\Users\HP\Desktop\github\demo (1)\demo\target\classes\com\example\demo]]
2023-05-20T12:15:02.905+05:30 TRACE 5960 --- [           main] .i.s.PathMatchingResourcePatternResolver : Searching directory [C:\Users\HP\Desktop\github\demo (1)\demo\target\test-classes\com\example\demo] for files matching pattern [**/*.class]
2023-05-20T12:15:02.907+05:30 TRACE 5960 --- [           main] .i.s.PathMatchingResourcePatternResolver : Searching directory [C:\Users\HP\Desktop\github\demo (1)\demo\target\classes\com\example\demo] for files matching pattern [**/*.class]
2023-05-20T12:15:02.910+05:30 TRACE 5960 --- [           main] .i.s.PathMatchingResourcePatternResolver : Resolved location pattern [classpath*:com/example/demo/**/*.class] to resources [file [C:\Users\HP\Desktop\github\demo (1)\demo\target\test-classes\com\example\demo\DemoApplicationTests.class], file [C:\Users\HP\Desktop\github\demo (1)\demo\target\classes\com\example\demo\ControllerClass.class], file [C:\Users\HP\Desktop\github\demo (1)\demo\target\classes\com\example\demo\Course.class], file [C:\Users\HP\Desktop\github\demo (1)\demo\target\classes\com\example\demo\CurrencyConfigurationController.class], file [C:\Users\HP\Desktop\github\demo (1)\demo\target\classes\com\example\demo\CurrencyServiceConfiguration.class], file [C:\Users\HP\Desktop\github\demo (1)\demo\target\classes\com\example\demo\DemoApplication.class]]
2023-05-20T12:15:02.910+05:30 TRACE 5960 --- [           main] o.s.c.a.ClassPathBeanDefinitionScanner   : Scanning file [C:\Users\HP\Desktop\github\demo (1)\demo\target\test-classes\com\example\demo\DemoApplicationTests.class]
2023-05-20T12:15:02.912+05:30 TRACE 5960 --- [           main] o.s.b.f.s.DefaultListableBeanFactory     : Returning cached instance of singleton bean 'org.springframework.boot.test.context.filter.TestTypeExcludeFilter'
2023-05-20T12:15:02.913+05:30 TRACE 5960 --- [           main] o.s.c.a.ClassPathBeanDefinitionScanner   : Ignored because not matching any filter: file [C:\Users\HP\Desktop\github\demo (1)\demo\target\test-classes\com\example\demo\DemoApplicationTests.class]
2023-05-20T12:15:02.914+05:30 TRACE 5960 --- [           main] o.s.c.a.ClassPathBeanDefinitionScanner   : Scanning file [C:\Users\HP\Desktop\github\demo (1)\demo\target\classes\com\example\demo\ControllerClass.class]
2023-05-20T12:15:02.917+05:30 DEBUG 5960 --- [           main] o.s.c.a.ClassPathBeanDefinitionScanner   : Identified candidate component class: file [C:\Users\HP\Desktop\github\demo (1)\demo\target\classes\com\example\demo\ControllerClass.class]
2023-05-20T12:15:02.917+05:30 TRACE 5960 --- [           main] o.s.c.a.ClassPathBeanDefinitionScanner   : Scanning file [C:\Users\HP\Desktop\github\demo (1)\demo\target\classes\com\example\demo\Course.class]
2023-05-20T12:15:02.918+05:30 TRACE 5960 --- [           main] o.s.c.a.ClassPathBeanDefinitionScanner   : Ignored because not matching any filter: file [C:\Users\HP\Desktop\github\demo (1)\demo\target\classes\com\example\demo\Course.class]
2023-05-20T12:15:02.919+05:30 TRACE 5960 --- [           main] o.s.c.a.ClassPathBeanDefinitionScanner   : Scanning file [C:\Users\HP\Desktop\github\demo (1)\demo\target\classes\com\example\demo\CurrencyConfigurationController.class]
2023-05-20T12:15:02.920+05:30 DEBUG 5960 --- [           main] o.s.c.a.ClassPathBeanDefinitionScanner   : Identified candidate component class: file [C:\Users\HP\Desktop\github\demo (1)\demo\target\classes\com\example\demo\CurrencyConfigurationController.class]
2023-05-20T12:15:02.921+05:30 TRACE 5960 --- [           main] o.s.c.a.ClassPathBeanDefinitionScanner   : Scanning file [C:\Users\HP\Desktop\github\demo (1)\demo\target\classes\com\example\demo\CurrencyServiceConfiguration.class]
2023-05-20T12:15:02.923+05:30 DEBUG 5960 --- [           main] o.s.c.a.ClassPathBeanDefinitionScanner   : Identified candidate component class: file [C:\Users\HP\Desktop\github\demo (1)\demo\target\classes\com\example\demo\CurrencyServiceConfiguration.class]
2023-05-20T12:15:02.924+05:30 TRACE 5960 --- [           main] o.s.c.a.ClassPathBeanDefinitionScanner   : Scanning file [C:\Users\HP\Desktop\github\demo (1)\demo\target\classes\com\example\demo\DemoApplication.class]
2023-05-20T12:15:02.925+05:30 TRACE 5960 --- [           main] o.s.c.a.ClassPathBeanDefinitionScanner   : Ignored because not matching any filter: file [C:\Users\HP\Desktop\github\demo (1)\demo\target\classes\com\example\demo\DemoApplication.class]
2023-05-20T12:15:02.954+05:30 TRACE 5960 --- [           main] o.s.c.io.support.SpringFactoriesLoader   : Loaded [org.springframework.boot.autoconfigure.AutoConfigurationImportFilter] names: [org.springframework.boot.autoconfigure.condition.OnBeanCondition, org.springframework.boot.autoconfigure.condition.OnClassCondition, org.springframework.boot.autoconfigure.condition.OnWebApplicationCondition]
2023-05-20T12:15:02.979+05:30 TRACE 5960 --- [           main] o.s.b.f.s.DefaultListableBeanFactory     : Returning cached instance of singleton bean 'autoConfigurationReport'
2023-05-20T12:15:03.025+05:30 TRACE 5960 --- [           main] o.s.b.a.condition.OnClassCondition       : Condition OnClassCondition on org.springframework.boot.devtools.autoconfigure.DevToolsR2dbcAutoConfiguration did not match due to @ConditionalOnClass did not find required class 'io.r2dbc.spi.ConnectionFactory'
2023-05-20T12:15:03.026+05:30 TRACE 5960 --- [           main] o.s.b.a.condition.OnClassCondition       : Condition OnClassCondition on org.springframework.boot.autoconfigure.amqp.RabbitAutoConfiguration did not match due to @ConditionalOnClass did not find required class 'com.rabbitmq.client.Channel'
2023-05-20T12:15:03.026+05:30 TRACE 5960 --- [           main] o.s.b.a.condition.OnClassCondition       : Condition OnClassCondition on org.springframework.boot.autoconfigure.batch.BatchAutoConfiguration did not match due to @ConditionalOnClass did not find required class 'org.springframework.batch.core.launch.JobLauncher'
2023-05-20T12:15:03.026+05:30 TRACE 5960 --- [           main] o.s.b.a.condition.OnClassCondition       : Condition OnClassCondition on org.springframework.boot.autoconfigure.cassandra.CassandraAutoConfiguration did not match due to @ConditionalOnClass did not find required class 'com.datastax.oss.driver.api.core.CqlSession'
2023-05-20T12:15:03.026+05:30 TRACE 5960 --- [           main] o.s.b.a.condition.OnClassCondition       : Condition OnClassCondition on org.springframework.boot.autoconfigure.couchbase.CouchbaseAutoConfiguration did not match due to @ConditionalOnClass did not find required class 'com.couchbase.client.java.Cluster'
2023-05-20T12:15:03.026+05:30 TRACE 5960 --- [           main] o.s.b.a.condition.OnClassCondition       : Condition OnClassCondition on org.springframework.boot.autoconfigure.dao.PersistenceExceptionTranslationAutoConfiguration did not match due to @ConditionalOnClass did not find required class 'org.springframework.dao.annotation.PersistenceExceptionTranslationPostProcessor'
2023-05-20T12:15:03.026+05:30 TRACE 5960 --- [           main] o.s.b.a.condition.OnClassCondition       : Condition OnClassCondition on org.springframework.boot.autoconfigure.data.cassandra.CassandraDataAutoConfiguration did not match due to @ConditionalOnClass did not find required class 'com.datastax.oss.driver.api.core.CqlSession'
2023-05-20T12:15:03.027+05:30 TRACE 5960 --- [           main] o.s.b.a.condition.OnClassCondition       : Condition OnClassCondition on org.springframework.boot.autoconfigure.data.cassandra.CassandraReactiveDataAutoConfiguration did not match due to @ConditionalOnClass did not find required class 'com.datastax.oss.driver.api.core.CqlSession'
2023-05-20T12:15:03.027+05:30 TRACE 5960 --- [           main] o.s.b.a.condition.OnClassCondition       : Condition OnClassCondition on org.springframework.boot.autoconfigure.data.cassandra.CassandraReactiveRepositoriesAutoConfiguration did not match due to @ConditionalOnClass did not find required class 'org.springframework.data.cassandra.ReactiveSession'
2023-05-20T12:15:03.027+05:30 TRACE 5960 --- [           main] o.s.b.a.condition.OnClassCondition       : Condition OnClassCondition on org.springframework.boot.autoconfigure.data.cassandra.CassandraRepositoriesAutoConfiguration did not match due to @ConditionalOnClass did not find required class 'com.datastax.oss.driver.api.core.CqlSession'
2023-05-20T12:15:03.027+05:30 TRACE 5960 --- [           main] o.s.b.a.condition.OnClassCondition       : Condition OnClassCondition on org.springframework.boot.autoconfigure.data.couchbase.CouchbaseDataAutoConfiguration did not match due to @ConditionalOnClass did not find required class 'com.couchbase.client.java.Bucket'
2023-05-20T12:15:03.027+05:30 TRACE 5960 --- [           main] o.s.b.a.condition.OnClassCondition       : Condition OnClassCondition on org.springframework.boot.autoconfigure.data.couchbase.CouchbaseReactiveDataAutoConfiguration did not match due to @ConditionalOnClass did not find required class 'com.couchbase.client.java.Cluster'
2023-05-20T12:15:03.027+05:30 TRACE 5960 --- [           main] o.s.b.a.condition.OnClassCondition       : Condition OnClassCondition on org.springframework.boot.autoconfigure.data.couchbase.CouchbaseReactiveRepositoriesAutoConfiguration did not match due to @ConditionalOnClass did not find required class 'com.couchbase.client.java.Cluster'
2023-05-20T12:15:03.028+05:30 TRACE 5960 --- [           main] o.s.b.a.condition.OnClassCondition       : Condition OnClassCondition on org.springframework.boot.autoconfigure.data.couchbase.CouchbaseRepositoriesAutoConfiguration did not match due to @ConditionalOnClass did not find required class 'com.couchbase.client.java.Bucket'
2023-05-20T12:15:03.028+05:30 TRACE 5960 --- [           main] o.s.b.a.condition.OnClassCondition       : Condition OnClassCondition on org.springframework.boot.autoconfigure.data.elasticsearch.ElasticsearchDataAutoConfiguration did not match due to @ConditionalOnClass did not find required class 'org.springframework.data.elasticsearch.client.elc.ElasticsearchTemplate'
2023-05-20T12:15:03.028+05:30 TRACE 5960 --- [           main] o.s.b.a.condition.OnClassCondition       : Condition OnClassCondition on org.springframework.boot.autoconfigure.data.elasticsearch.ElasticsearchRepositoriesAutoConfiguration did not match due to @ConditionalOnClass did not find required class 'org.springframework.data.elasticsearch.repository.ElasticsearchRepository'
2023-05-20T12:15:03.028+05:30 TRACE 5960 --- [           main] o.s.b.a.condition.OnClassCondition       : Condition OnClassCondition on org.springframework.boot.autoconfigure.data.elasticsearch.ReactiveElasticsearchRepositoriesAutoConfiguration did not match due to @ConditionalOnClass did not find required class 'org.springframework.data.elasticsearch.client.elc.ReactiveElasticsearchClient'
2023-05-20T12:15:03.028+05:30 TRACE 5960 --- [           main] o.s.b.a.condition.OnClassCondition       : Condition OnClassCondition on org.springframework.boot.autoconfigure.data.jdbc.JdbcRepositoriesAutoConfiguration did not match due to @ConditionalOnClass did not find required class 'org.springframework.data.jdbc.repository.config.AbstractJdbcConfiguration'
2023-05-20T12:15:03.029+05:30 TRACE 5960 --- [           main] o.s.b.a.condition.OnClassCondition       : Condition OnClassCondition on org.springframework.boot.autoconfigure.data.jpa.JpaRepositoriesAutoConfiguration did not match due to @ConditionalOnClass did not find required class 'org.springframework.data.jpa.repository.JpaRepository'
2023-05-20T12:15:03.029+05:30 TRACE 5960 --- [           main] o.s.b.a.condition.OnClassCondition       : Condition OnClassCondition on org.springframework.boot.autoconfigure.data.ldap.LdapRepositoriesAutoConfiguration did not match due to @ConditionalOnClass did not find required class 'org.springframework.data.ldap.repository.LdapRepository'
2023-05-20T12:15:03.029+05:30 TRACE 5960 --- [           main] o.s.b.a.condition.OnClassCondition       : Condition OnClassCondition on org.springframework.boot.autoconfigure.data.mongo.MongoDataAutoConfiguration did not match due to @ConditionalOnClass did not find required class 'com.mongodb.client.MongoClient'
2023-05-20T12:15:03.029+05:30 TRACE 5960 --- [           main] o.s.b.a.condition.OnClassCondition       : Condition OnClassCondition on org.springframework.boot.autoconfigure.data.mongo.MongoReactiveDataAutoConfiguration did not match due to @ConditionalOnClass did not find required class 'com.mongodb.reactivestreams.client.MongoClient'
2023-05-20T12:15:03.029+05:30 TRACE 5960 --- [           main] o.s.b.a.condition.OnClassCondition       : Condition OnClassCondition on org.springframework.boot.autoconfigure.data.mongo.MongoReactiveRepositoriesAutoConfiguration did not match due to @ConditionalOnClass did not find required class 'com.mongodb.reactivestreams.client.MongoClient'
2023-05-20T12:15:03.029+05:30 TRACE 5960 --- [           main] o.s.b.a.condition.OnClassCondition       : Condition OnClassCondition on org.springframework.boot.autoconfigure.data.mongo.MongoRepositoriesAutoConfiguration did not match due to @ConditionalOnClass did not find required class 'com.mongodb.client.MongoClient'
2023-05-20T12:15:03.030+05:30 TRACE 5960 --- [           main] o.s.b.a.condition.OnClassCondition       : Condition OnClassCondition on org.springframework.boot.autoconfigure.data.neo4j.Neo4jDataAutoConfiguration did not match due to @ConditionalOnClass did not find required class 'org.neo4j.driver.Driver'
2023-05-20T12:15:03.030+05:30 TRACE 5960 --- [           main] o.s.b.a.condition.OnClassCondition       : Condition OnClassCondition on org.springframework.boot.autoconfigure.data.neo4j.Neo4jReactiveDataAutoConfiguration did not match due to @ConditionalOnClass did not find required class 'org.neo4j.driver.Driver'
2023-05-20T12:15:03.030+05:30 TRACE 5960 --- [           main] o.s.b.a.condition.OnClassCondition       : Condition OnClassCondition on org.springframework.boot.autoconfigure.data.neo4j.Neo4jReactiveRepositoriesAutoConfiguration did not match due to @ConditionalOnClass did not find required class 'org.neo4j.driver.Driver'
2023-05-20T12:15:03.030+05:30 TRACE 5960 --- [           main] o.s.b.a.condition.OnClassCondition       : Condition OnClassCondition on org.springframework.boot.autoconfigure.data.neo4j.Neo4jRepositoriesAutoConfiguration did not match due to @ConditionalOnClass did not find required class 'org.neo4j.driver.Driver'
2023-05-20T12:15:03.030+05:30 TRACE 5960 --- [           main] o.s.b.a.condition.OnClassCondition       : Condition OnClassCondition on org.springframework.boot.autoconfigure.data.r2dbc.R2dbcDataAutoConfiguration did not match due to @ConditionalOnClass did not find required class 'org.springframework.data.r2dbc.core.R2dbcEntityTemplate'
2023-05-20T12:15:03.030+05:30 TRACE 5960 --- [           main] o.s.b.a.condition.OnClassCondition       : Condition OnClassCondition on org.springframework.boot.autoconfigure.data.r2dbc.R2dbcRepositoriesAutoConfiguration did not match due to @ConditionalOnClass did not find required class 'io.r2dbc.spi.ConnectionFactory'
2023-05-20T12:15:03.031+05:30 TRACE 5960 --- [           main] o.s.b.a.condition.OnClassCondition       : Condition OnClassCondition on org.springframework.boot.autoconfigure.data.redis.RedisAutoConfiguration did not match due to @ConditionalOnClass did not find required class 'org.springframework.data.redis.core.RedisOperations'
2023-05-20T12:15:03.031+05:30 TRACE 5960 --- [           main] o.s.b.a.condition.OnClassCondition       : Condition OnClassCondition on org.springframework.boot.autoconfigure.data.redis.RedisReactiveAutoConfiguration did not match due to @ConditionalOnClass did not find required class 'reactor.core.publisher.Flux'
2023-05-20T12:15:03.031+05:30 TRACE 5960 --- [           main] o.s.b.a.condition.OnClassCondition       : Condition OnClassCondition on org.springframework.boot.autoconfigure.data.redis.RedisRepositoriesAutoConfiguration did not match due to @ConditionalOnClass did not find required class 'org.springframework.data.redis.repository.configuration.EnableRedisRepositories'
2023-05-20T12:15:03.031+05:30 TRACE 5960 --- [           main] o.s.b.a.condition.OnClassCondition       : Condition OnClassCondition on org.springframework.boot.autoconfigure.data.rest.RepositoryRestMvcAutoConfiguration did not match due to @ConditionalOnClass did not find required class 'org.springframework.data.rest.webmvc.config.RepositoryRestMvcConfiguration'
2023-05-20T12:15:03.031+05:30 TRACE 5960 --- [           main] o.s.b.a.condition.OnClassCondition       : Condition OnClassCondition on org.springframework.boot.autoconfigure.data.web.SpringDataWebAutoConfiguration did not match due to @ConditionalOnClass did not find required class 'org.springframework.data.web.PageableHandlerMethodArgumentResolver'
2023-05-20T12:15:03.031+05:30 TRACE 5960 --- [           main] o.s.b.a.condition.OnClassCondition       : Condition OnClassCondition on org.springframework.boot.autoconfigure.elasticsearch.ElasticsearchClientAutoConfiguration did not match due to @ConditionalOnClass did not find required class 'co.elastic.clients.elasticsearch.ElasticsearchClient'
2023-05-20T12:15:03.032+05:30 TRACE 5960 --- [           main] o.s.b.a.condition.OnClassCondition       : Condition OnClassCondition on org.springframework.boot.autoconfigure.elasticsearch.ElasticsearchRestClientAutoConfiguration did not match due to @ConditionalOnClass did not find required class 'org.elasticsearch.client.RestClientBuilder'
2023-05-20T12:15:03.032+05:30 TRACE 5960 --- [           main] o.s.b.a.condition.OnClassCondition       : Condition OnClassCondition on org.springframework.boot.autoconfigure.elasticsearch.ReactiveElasticsearchClientAutoConfiguration did not match due to @ConditionalOnClass did not find required class 'co.elastic.clients.transport.ElasticsearchTransport'
2023-05-20T12:15:03.032+05:30 TRACE 5960 --- [           main] o.s.b.a.condition.OnClassCondition       : Condition OnClassCondition on org.springframework.boot.autoconfigure.flyway.FlywayAutoConfiguration did not match due to @ConditionalOnClass did not find required class 'org.flywaydb.core.Flyway'
2023-05-20T12:15:03.032+05:30 TRACE 5960 --- [           main] o.s.b.a.condition.OnClassCondition       : Condition OnClassCondition on org.springframework.boot.autoconfigure.freemarker.FreeMarkerAutoConfiguration did not match due to @ConditionalOnClass did not find required class 'freemarker.template.Configuration'
2023-05-20T12:15:03.032+05:30 TRACE 5960 --- [           main] o.s.b.a.condition.OnClassCondition       : Condition OnClassCondition on org.springframework.boot.autoconfigure.graphql.GraphQlAutoConfiguration did not match due to @ConditionalOnClass did not find required class 'graphql.GraphQL'
2023-05-20T12:15:03.032+05:30 TRACE 5960 --- [           main] o.s.b.a.condition.OnClassCondition       : Condition OnClassCondition on org.springframework.boot.autoconfigure.graphql.data.GraphQlReactiveQueryByExampleAutoConfiguration did not match due to @ConditionalOnClass did not find required class 'graphql.GraphQL'
2023-05-20T12:15:03.033+05:30 TRACE 5960 --- [           main] o.s.b.a.condition.OnClassCondition       : Condition OnClassCondition on org.springframework.boot.autoconfigure.graphql.data.GraphQlReactiveQuerydslAutoConfiguration did not match due to @ConditionalOnClass did not find required class 'graphql.GraphQL'
2023-05-20T12:15:03.033+05:30 TRACE 5960 --- [           main] o.s.b.a.condition.OnClassCondition       : Condition OnClassCondition on org.springframework.boot.autoconfigure.graphql.data.GraphQlQueryByExampleAutoConfiguration did not match due to @ConditionalOnClass did not find required class 'graphql.GraphQL'
2023-05-20T12:15:03.033+05:30 TRACE 5960 --- [           main] o.s.b.a.condition.OnClassCondition       : Condition OnClassCondition on org.springframework.boot.autoconfigure.graphql.data.GraphQlQuerydslAutoConfiguration did not match due to @ConditionalOnClass did not find required class 'graphql.GraphQL'
2023-05-20T12:15:03.033+05:30 TRACE 5960 --- [           main] o.s.b.a.condition.OnClassCondition       : Condition OnClassCondition on org.springframework.boot.autoconfigure.graphql.reactive.GraphQlWebFluxAutoConfiguration did not match due to @ConditionalOnClass did not find required class 'graphql.GraphQL'
2023-05-20T12:15:03.033+05:30 TRACE 5960 --- [           main] o.s.b.a.condition.OnClassCondition       : Condition OnClassCondition on org.springframework.boot.autoconfigure.graphql.rsocket.GraphQlRSocketAutoConfiguration did not match due to @ConditionalOnClass did not find required class 'graphql.GraphQL'
2023-05-20T12:15:03.033+05:30 TRACE 5960 --- [           main] o.s.b.a.condition.OnClassCondition       : Condition OnClassCondition on org.springframework.boot.autoconfigure.graphql.rsocket.RSocketGraphQlClientAutoConfiguration did not match due to @ConditionalOnClass did not find required class 'graphql.GraphQL'
2023-05-20T12:15:03.034+05:30 TRACE 5960 --- [           main] o.s.b.a.condition.OnClassCondition       : Condition OnClassCondition on org.springframework.boot.autoconfigure.graphql.security.GraphQlWebFluxSecurityAutoConfiguration did not match due to @ConditionalOnClass did not find required class 'graphql.GraphQL'
2023-05-20T12:15:03.034+05:30 TRACE 5960 --- [           main] o.s.b.a.condition.OnClassCondition       : Condition OnClassCondition on org.springframework.boot.autoconfigure.graphql.security.GraphQlWebMvcSecurityAutoConfiguration did not match due to @ConditionalOnClass did not find required class 'graphql.GraphQL'
2023-05-20T12:15:03.034+05:30 TRACE 5960 --- [           main] o.s.b.a.condition.OnClassCondition       : Condition OnClassCondition on org.springframework.boot.autoconfigure.graphql.servlet.GraphQlWebMvcAutoConfiguration did not match due to @ConditionalOnClass did not find required class 'graphql.GraphQL'
2023-05-20T12:15:03.034+05:30 TRACE 5960 --- [           main] o.s.b.a.condition.OnClassCondition       : Condition OnClassCondition on org.springframework.boot.autoconfigure.groovy.template.GroovyTemplateAutoConfiguration did not match due to @ConditionalOnClass did not find required class 'groovy.text.markup.MarkupTemplateEngine'
2023-05-20T12:15:03.034+05:30 TRACE 5960 --- [           main] o.s.b.a.condition.OnClassCondition       : Condition OnClassCondition on org.springframework.boot.autoconfigure.gson.GsonAutoConfiguration did not match due to @ConditionalOnClass did not find required class 'com.google.gson.Gson'
2023-05-20T12:15:03.034+05:30 TRACE 5960 --- [           main] o.s.b.a.condition.OnClassCondition       : Condition OnClassCondition on org.springframework.boot.autoconfigure.h2.H2ConsoleAutoConfiguration did not match due to @ConditionalOnClass did not find required class 'org.h2.server.web.JakartaWebServlet'
2023-05-20T12:15:03.034+05:30 TRACE 5960 --- [           main] o.s.b.a.condition.OnClassCondition       : Condition OnClassCondition on org.springframework.boot.autoconfigure.hateoas.HypermediaAutoConfiguration did not match due to @ConditionalOnClass did not find required class 'org.springframework.hateoas.EntityModel'
2023-05-20T12:15:03.035+05:30 TRACE 5960 --- [           main] o.s.b.a.condition.OnClassCondition       : Condition OnClassCondition on org.springframework.boot.autoconfigure.hazelcast.HazelcastAutoConfiguration did not match due to @ConditionalOnClass did not find required class 'com.hazelcast.core.HazelcastInstance'
2023-05-20T12:15:03.035+05:30 TRACE 5960 --- [           main] o.s.b.a.condition.OnClassCondition       : Condition OnClassCondition on org.springframework.boot.autoconfigure.hazelcast.HazelcastJpaDependencyAutoConfiguration did not match due to @ConditionalOnClass did not find required class 'com.hazelcast.core.HazelcastInstance'
2023-05-20T12:15:03.035+05:30 TRACE 5960 --- [           main] o.s.b.a.condition.OnClassCondition       : Condition OnClassCondition on org.springframework.boot.autoconfigure.http.codec.CodecsAutoConfiguration did not match due to @ConditionalOnClass did not find required class 'org.springframework.web.reactive.function.client.WebClient'
2023-05-20T12:15:03.035+05:30 TRACE 5960 --- [           main] o.s.b.a.condition.OnClassCondition       : Condition OnClassCondition on org.springframework.boot.autoconfigure.influx.InfluxDbAutoConfiguration did not match due to @ConditionalOnClass did not find required class 'org.influxdb.InfluxDB'
2023-05-20T12:15:03.035+05:30 TRACE 5960 --- [           main] o.s.b.a.condition.OnClassCondition       : Condition OnClassCondition on org.springframework.boot.autoconfigure.integration.IntegrationAutoConfiguration did not match due to @ConditionalOnClass did not find required class 'org.springframework.integration.config.EnableIntegration'
2023-05-20T12:15:03.035+05:30 TRACE 5960 --- [           main] o.s.b.a.condition.OnClassCondition       : Condition OnClassCondition on org.springframework.boot.autoconfigure.jdbc.DataSourceAutoConfiguration did not match due to @ConditionalOnClass did not find required class 'org.springframework.jdbc.datasource.embedded.EmbeddedDatabaseType'
2023-05-20T12:15:03.035+05:30 TRACE 5960 --- [           main] o.s.b.a.condition.OnClassCondition       : Condition OnClassCondition on org.springframework.boot.autoconfigure.jdbc.JdbcTemplateAutoConfiguration did not match due to @ConditionalOnClass did not find required class 'org.springframework.jdbc.core.JdbcTemplate'
2023-05-20T12:15:03.036+05:30 TRACE 5960 --- [           main] o.s.b.a.condition.OnClassCondition       : Condition OnClassCondition on org.springframework.boot.autoconfigure.jdbc.JndiDataSourceAutoConfiguration did not match due to @ConditionalOnClass did not find required class 'org.springframework.jdbc.datasource.embedded.EmbeddedDatabaseType'
2023-05-20T12:15:03.036+05:30 TRACE 5960 --- [           main] o.s.b.a.condition.OnClassCondition       : Condition OnClassCondition on org.springframework.boot.autoconfigure.jdbc.XADataSourceAutoConfiguration did not match due to @ConditionalOnClass did not find required class 'jakarta.transaction.TransactionManager'
2023-05-20T12:15:03.036+05:30 TRACE 5960 --- [           main] o.s.b.a.condition.OnClassCondition       : Condition OnClassCondition on org.springframework.boot.autoconfigure.jdbc.DataSourceTransactionManagerAutoConfiguration did not match due to @ConditionalOnClass did not find required class 'org.springframework.jdbc.core.JdbcTemplate'
2023-05-20T12:15:03.036+05:30 TRACE 5960 --- [           main] o.s.b.a.condition.OnClassCondition       : Condition OnClassCondition on org.springframework.boot.autoconfigure.jersey.JerseyAutoConfiguration did not match due to @ConditionalOnClass did not find required class 'org.glassfish.jersey.server.spring.SpringComponentProvider'
2023-05-20T12:15:03.036+05:30 TRACE 5960 --- [           main] o.s.b.a.condition.OnClassCondition       : Condition OnClassCondition on org.springframework.boot.autoconfigure.jms.JmsAutoConfiguration did not match due to @ConditionalOnClass did not find required class 'jakarta.jms.Message'
2023-05-20T12:15:03.036+05:30 TRACE 5960 --- [           main] o.s.b.a.condition.OnClassCondition       : Condition OnClassCondition on org.springframework.boot.autoconfigure.jms.JndiConnectionFactoryAutoConfiguration did not match due to @ConditionalOnClass did not find required class 'org.springframework.jms.core.JmsTemplate'
2023-05-20T12:15:03.036+05:30 TRACE 5960 --- [           main] o.s.b.a.condition.OnClassCondition       : Condition OnClassCondition on org.springframework.boot.autoconfigure.jms.activemq.ActiveMQAutoConfiguration did not match due to @ConditionalOnClass did not find required class 'jakarta.jms.ConnectionFactory'
2023-05-20T12:15:03.037+05:30 TRACE 5960 --- [           main] o.s.b.a.condition.OnClassCondition       : Condition OnClassCondition on org.springframework.boot.autoconfigure.jms.artemis.ArtemisAutoConfiguration did not match due to @ConditionalOnClass did not find required class 'jakarta.jms.ConnectionFactory'
2023-05-20T12:15:03.037+05:30 TRACE 5960 --- [           main] o.s.b.a.condition.OnClassCondition       : Condition OnClassCondition on org.springframework.boot.autoconfigure.jooq.JooqAutoConfiguration did not match due to @ConditionalOnClass did not find required class 'org.jooq.DSLContext'
2023-05-20T12:15:03.037+05:30 TRACE 5960 --- [           main] o.s.b.a.condition.OnClassCondition       : Condition OnClassCondition on org.springframework.boot.autoconfigure.jsonb.JsonbAutoConfiguration did not match due to @ConditionalOnClass did not find required class 'jakarta.json.bind.Jsonb'
2023-05-20T12:15:03.037+05:30 TRACE 5960 --- [           main] o.s.b.a.condition.OnClassCondition       : Condition OnClassCondition on org.springframework.boot.autoconfigure.kafka.KafkaAutoConfiguration did not match due to @ConditionalOnClass did not find required class 'org.springframework.kafka.core.KafkaTemplate'
2023-05-20T12:15:03.037+05:30 TRACE 5960 --- [           main] o.s.b.a.condition.OnClassCondition       : Condition OnClassCondition on org.springframework.boot.autoconfigure.ldap.embedded.EmbeddedLdapAutoConfiguration did not match due to @ConditionalOnClass did not find required class 'com.unboundid.ldap.listener.InMemoryDirectoryServer'
2023-05-20T12:15:03.037+05:30 TRACE 5960 --- [           main] o.s.b.a.condition.OnClassCondition       : Condition OnClassCondition on org.springframework.boot.autoconfigure.ldap.LdapAutoConfiguration did not match due to @ConditionalOnClass did not find required class 'org.springframework.ldap.core.ContextSource'
2023-05-20T12:15:03.038+05:30 TRACE 5960 --- [           main] o.s.b.a.condition.OnClassCondition       : Condition OnClassCondition on org.springframework.boot.autoconfigure.liquibase.LiquibaseAutoConfiguration did not match due to @ConditionalOnClass did not find required class 'liquibase.change.DatabaseChange'
2023-05-20T12:15:03.038+05:30 TRACE 5960 --- [           main] o.s.b.a.condition.OnClassCondition       : Condition OnClassCondition on org.springframework.boot.autoconfigure.mail.MailSenderAutoConfiguration did not match due to @ConditionalOnClass did not find required class 'jakarta.mail.internet.MimeMessage'
2023-05-20T12:15:03.038+05:30 TRACE 5960 --- [           main] o.s.b.a.condition.OnClassCondition       : Condition OnClassCondition on org.springframework.boot.autoconfigure.mongo.MongoAutoConfiguration did not match due to @ConditionalOnClass did not find required class 'com.mongodb.client.MongoClient'
2023-05-20T12:15:03.038+05:30 TRACE 5960 --- [           main] o.s.b.a.condition.OnClassCondition       : Condition OnClassCondition on org.springframework.boot.autoconfigure.mongo.MongoReactiveAutoConfiguration did not match due to @ConditionalOnClass did not find required class 'com.mongodb.reactivestreams.client.MongoClient'
2023-05-20T12:15:03.038+05:30 TRACE 5960 --- [           main] o.s.b.a.condition.OnClassCondition       : Condition OnClassCondition on org.springframework.boot.autoconfigure.mustache.MustacheAutoConfiguration did not match due to @ConditionalOnClass did not find required class 'com.samskivert.mustache.Mustache'
2023-05-20T12:15:03.038+05:30 TRACE 5960 --- [           main] o.s.b.a.condition.OnClassCondition       : Condition OnClassCondition on org.springframework.boot.autoconfigure.neo4j.Neo4jAutoConfiguration did not match due to @ConditionalOnClass did not find required class 'org.neo4j.driver.Driver'
2023-05-20T12:15:03.039+05:30 TRACE 5960 --- [           main] o.s.b.a.condition.OnClassCondition       : Condition OnClassCondition on org.springframework.boot.autoconfigure.netty.NettyAutoConfiguration did not match due to @ConditionalOnClass did not find required class 'io.netty.util.NettyRuntime'
2023-05-20T12:15:03.039+05:30 TRACE 5960 --- [           main] o.s.b.a.condition.OnClassCondition       : Condition OnClassCondition on org.springframework.boot.autoconfigure.orm.jpa.HibernateJpaAutoConfiguration did not match due to @ConditionalOnClass did not find required class 'jakarta.persistence.EntityManager'
2023-05-20T12:15:03.039+05:30 TRACE 5960 --- [           main] o.s.b.a.condition.OnClassCondition       : Condition OnClassCondition on org.springframework.boot.autoconfigure.quartz.QuartzAutoConfiguration did not match due to @ConditionalOnClass did not find required class 'org.quartz.Scheduler'
2023-05-20T12:15:03.039+05:30 TRACE 5960 --- [           main] o.s.b.a.condition.OnClassCondition       : Condition OnClassCondition on org.springframework.boot.autoconfigure.r2dbc.R2dbcAutoConfiguration did not match due to @ConditionalOnClass did not find required class 'io.r2dbc.spi.ConnectionFactory'
2023-05-20T12:15:03.039+05:30 TRACE 5960 --- [           main] o.s.b.a.condition.OnClassCondition       : Condition OnClassCondition on org.springframework.boot.autoconfigure.r2dbc.R2dbcTransactionManagerAutoConfiguration did not match due to @ConditionalOnClass did not find required class 'org.springframework.r2dbc.connection.R2dbcTransactionManager'
2023-05-20T12:15:03.039+05:30 TRACE 5960 --- [           main] o.s.b.a.condition.OnClassCondition       : Condition OnClassCondition on org.springframework.boot.autoconfigure.rsocket.RSocketMessagingAutoConfiguration did not match due to @ConditionalOnClass did not find required class 'io.rsocket.RSocket'
2023-05-20T12:15:03.039+05:30 TRACE 5960 --- [           main] o.s.b.a.condition.OnClassCondition       : Condition OnClassCondition on org.springframework.boot.autoconfigure.rsocket.RSocketRequesterAutoConfiguration did not match due to @ConditionalOnClass did not find required class 'io.rsocket.RSocket'
2023-05-20T12:15:03.040+05:30 TRACE 5960 --- [           main] o.s.b.a.condition.OnClassCondition       : Condition OnClassCondition on org.springframework.boot.autoconfigure.rsocket.RSocketServerAutoConfiguration did not match due to @ConditionalOnClass did not find required class 'io.rsocket.core.RSocketServer'
2023-05-20T12:15:03.040+05:30 TRACE 5960 --- [           main] o.s.b.a.condition.OnClassCondition       : Condition OnClassCondition on org.springframework.boot.autoconfigure.rsocket.RSocketStrategiesAutoConfiguration did not match due to @ConditionalOnClass did not find required class 'io.netty.buffer.PooledByteBufAllocator'
2023-05-20T12:15:03.040+05:30 TRACE 5960 --- [           main] o.s.b.a.condition.OnClassCondition       : Condition OnClassCondition on org.springframework.boot.autoconfigure.security.servlet.SecurityAutoConfiguration did not match due to @ConditionalOnClass did not find required class 'org.springframework.security.authentication.DefaultAuthenticationEventPublisher'
2023-05-20T12:15:03.040+05:30 TRACE 5960 --- [           main] o.s.b.a.condition.OnClassCondition       : Condition OnClassCondition on org.springframework.boot.autoconfigure.security.servlet.UserDetailsServiceAutoConfiguration did not match due to @ConditionalOnClass did not find required class 'org.springframework.security.authentication.AuthenticationManager'
2023-05-20T12:15:03.040+05:30 TRACE 5960 --- [           main] o.s.b.a.condition.OnClassCondition       : Condition OnClassCondition on org.springframework.boot.autoconfigure.security.servlet.SecurityFilterAutoConfiguration did not match due to @ConditionalOnClass did not find required class 'org.springframework.security.config.http.SessionCreationPolicy'
2023-05-20T12:15:03.040+05:30 TRACE 5960 --- [           main] o.s.b.a.condition.OnClassCondition       : Condition OnClassCondition on org.springframework.boot.autoconfigure.security.reactive.ReactiveSecurityAutoConfiguration did not match due to @ConditionalOnClass did not find required class 'reactor.core.publisher.Flux'
2023-05-20T12:15:03.040+05:30 TRACE 5960 --- [           main] o.s.b.a.condition.OnClassCondition       : Condition OnClassCondition on org.springframework.boot.autoconfigure.security.reactive.ReactiveUserDetailsServiceAutoConfiguration did not match due to @ConditionalOnClass did not find required class 'org.springframework.security.authentication.ReactiveAuthenticationManager'
2023-05-20T12:15:03.040+05:30 TRACE 5960 --- [           main] o.s.b.a.condition.OnClassCondition       : Condition OnClassCondition on org.springframework.boot.autoconfigure.security.rsocket.RSocketSecurityAutoConfiguration did not match due to @ConditionalOnClass did not find required class 'org.springframework.security.rsocket.core.SecuritySocketAcceptorInterceptor'
2023-05-20T12:15:03.040+05:30 TRACE 5960 --- [           main] o.s.b.a.condition.OnClassCondition       : Condition OnClassCondition on org.springframework.boot.autoconfigure.security.saml2.Saml2RelyingPartyAutoConfiguration did not match due to @ConditionalOnClass did not find required class 'org.springframework.security.saml2.provider.service.registration.RelyingPartyRegistrationRepository'
2023-05-20T12:15:03.040+05:30 TRACE 5960 --- [           main] o.s.b.a.condition.OnClassCondition       : Condition OnClassCondition on org.springframework.boot.autoconfigure.sendgrid.SendGridAutoConfiguration did not match due to @ConditionalOnClass did not find required class 'com.sendgrid.SendGrid'
2023-05-20T12:15:03.040+05:30 TRACE 5960 --- [           main] o.s.b.a.condition.OnClassCondition       : Condition OnClassCondition on org.springframework.boot.autoconfigure.session.SessionAutoConfiguration did not match due to @ConditionalOnClass did not find required class 'org.springframework.session.Session'
2023-05-20T12:15:03.040+05:30 TRACE 5960 --- [           main] o.s.b.a.condition.OnClassCondition       : Condition OnClassCondition on org.springframework.boot.autoconfigure.security.oauth2.client.servlet.OAuth2ClientAutoConfiguration did not match due to @ConditionalOnClass did not find required class 'org.springframework.security.config.annotation.web.configuration.EnableWebSecurity'
2023-05-20T12:15:03.041+05:30 TRACE 5960 --- [           main] o.s.b.a.condition.OnClassCondition       : Condition OnClassCondition on org.springframework.boot.autoconfigure.security.oauth2.client.reactive.ReactiveOAuth2ClientAutoConfiguration did not match due to @ConditionalOnClass did not find required class 'reactor.core.publisher.Flux'
2023-05-20T12:15:03.041+05:30 TRACE 5960 --- [           main] o.s.b.a.condition.OnClassCondition       : Condition OnClassCondition on org.springframework.boot.autoconfigure.security.oauth2.resource.servlet.OAuth2ResourceServerAutoConfiguration did not match due to @ConditionalOnClass did not find required class 'org.springframework.security.oauth2.server.resource.authentication.BearerTokenAuthenticationToken'
2023-05-20T12:15:03.041+05:30 TRACE 5960 --- [           main] o.s.b.a.condition.OnClassCondition       : Condition OnClassCondition on org.springframework.boot.autoconfigure.security.oauth2.resource.reactive.ReactiveOAuth2ResourceServerAutoConfiguration did not match due to @ConditionalOnClass did not find required class 'org.springframework.security.config.annotation.web.reactive.EnableWebFluxSecurity'
2023-05-20T12:15:03.042+05:30 TRACE 5960 --- [           main] o.s.b.a.condition.OnClassCondition       : Condition OnClassCondition on org.springframework.boot.autoconfigure.security.oauth2.server.servlet.OAuth2AuthorizationServerAutoConfiguration did not match due to @ConditionalOnClass did not find required class 'org.springframework.security.oauth2.server.authorization.OAuth2Authorization'
2023-05-20T12:15:03.042+05:30 TRACE 5960 --- [           main] o.s.b.a.condition.OnClassCondition       : Condition OnClassCondition on org.springframework.boot.autoconfigure.security.oauth2.server.servlet.OAuth2AuthorizationServerJwtAutoConfiguration did not match due to @ConditionalOnClass did not find required class 'org.springframework.security.oauth2.server.authorization.OAuth2Authorization'
2023-05-20T12:15:03.042+05:30 TRACE 5960 --- [           main] o.s.b.a.condition.OnClassCondition       : Condition OnClassCondition on org.springframework.boot.autoconfigure.thymeleaf.ThymeleafAutoConfiguration did not match due to @ConditionalOnClass did not find required class 'org.thymeleaf.spring6.SpringTemplateEngine'
2023-05-20T12:15:03.042+05:30 TRACE 5960 --- [           main] o.s.b.a.condition.OnClassCondition       : Condition OnClassCondition on org.springframework.boot.autoconfigure.transaction.TransactionAutoConfiguration did not match due to @ConditionalOnClass did not find required class 'org.springframework.transaction.PlatformTransactionManager'
2023-05-20T12:15:03.042+05:30 TRACE 5960 --- [           main] o.s.b.a.condition.OnClassCondition       : Condition OnClassCondition on org.springframework.boot.autoconfigure.transaction.jta.JtaAutoConfiguration did not match due to @ConditionalOnClass did not find required class 'jakarta.transaction.Transaction'
2023-05-20T12:15:03.042+05:30 TRACE 5960 --- [           main] o.s.b.a.condition.OnClassCondition       : Condition OnClassCondition on org.springframework.boot.autoconfigure.validation.ValidationAutoConfiguration did not match due to @ConditionalOnClass did not find required class 'jakarta.validation.executable.ExecutableValidator'
2023-05-20T12:15:03.042+05:30 TRACE 5960 --- [           main] o.s.b.a.condition.OnClassCondition       : Condition OnClassCondition on org.springframework.boot.autoconfigure.web.reactive.HttpHandlerAutoConfiguration did not match due to @ConditionalOnClass did not find required class 'org.springframework.web.reactive.DispatcherHandler'
2023-05-20T12:15:03.042+05:30 TRACE 5960 --- [           main] o.s.b.a.condition.OnClassCondition       : Condition OnClassCondition on org.springframework.boot.autoconfigure.web.reactive.ReactiveMultipartAutoConfiguration did not match due to @ConditionalOnClass did not find required class 'org.springframework.web.reactive.config.WebFluxConfigurer'
2023-05-20T12:15:03.042+05:30 TRACE 5960 --- [           main] o.s.b.a.condition.OnClassCondition       : Condition OnClassCondition on org.springframework.boot.autoconfigure.web.reactive.WebFluxAutoConfiguration did not match due to @ConditionalOnClass did not find required class 'org.springframework.web.reactive.config.WebFluxConfigurer'
2023-05-20T12:15:03.042+05:30 TRACE 5960 --- [           main] o.s.b.a.condition.OnClassCondition       : Condition OnClassCondition on org.springframework.boot.autoconfigure.web.reactive.WebSessionIdResolverAutoConfiguration did not match due to @ConditionalOnClass did not find required class 'reactor.core.publisher.Mono'
2023-05-20T12:15:03.042+05:30 TRACE 5960 --- [           main] o.s.b.a.condition.OnClassCondition       : Condition OnClassCondition on org.springframework.boot.autoconfigure.web.reactive.error.ErrorWebFluxAutoConfiguration did not match due to @ConditionalOnClass did not find required class 'org.springframework.web.reactive.config.WebFluxConfigurer'
2023-05-20T12:15:03.042+05:30 TRACE 5960 --- [           main] o.s.b.a.condition.OnClassCondition       : Condition OnClassCondition on org.springframework.boot.autoconfigure.web.reactive.function.client.ClientHttpConnectorAutoConfiguration did not match due to @ConditionalOnClass did not find required class 'org.springframework.web.reactive.function.client.WebClient'
2023-05-20T12:15:03.042+05:30 TRACE 5960 --- [           main] o.s.b.a.condition.OnClassCondition       : Condition OnClassCondition on org.springframework.boot.autoconfigure.web.reactive.function.client.WebClientAutoConfiguration did not match due to @ConditionalOnClass did not find required class 'org.springframework.web.reactive.function.client.WebClient'
2023-05-20T12:15:03.042+05:30 TRACE 5960 --- [           main] o.s.b.a.condition.OnClassCondition       : Condition OnClassCondition on org.springframework.boot.autoconfigure.websocket.servlet.WebSocketMessagingAutoConfiguration did not match due to @ConditionalOnClass did not find required class 'org.springframework.web.socket.config.annotation.WebSocketMessageBrokerConfigurer'
2023-05-20T12:15:03.042+05:30 TRACE 5960 --- [           main] o.s.b.a.condition.OnClassCondition       : Condition OnClassCondition on org.springframework.boot.autoconfigure.webservices.WebServicesAutoConfiguration did not match due to @ConditionalOnClass did not find required class 'org.springframework.ws.transport.http.MessageDispatcherServlet'
2023-05-20T12:15:03.043+05:30 TRACE 5960 --- [           main] o.s.b.a.condition.OnClassCondition       : Condition OnClassCondition on org.springframework.boot.autoconfigure.webservices.client.WebServiceTemplateAutoConfiguration did not match due to @ConditionalOnClass did not find required class 'org.springframework.oxm.Marshaller'
2023-05-20T12:15:03.043+05:30 TRACE 5960 --- [           main] o.s.b.f.s.DefaultListableBeanFactory     : Returning cached instance of singleton bean 'autoConfigurationReport'
2023-05-20T12:15:03.045+05:30 TRACE 5960 --- [           main] o.s.b.a.c.OnWebApplicationCondition      : Condition OnWebApplicationCondition on org.springframework.boot.autoconfigure.web.reactive.ReactiveWebServerFactoryAutoConfiguration did not match due to @ConditionalOnWebApplication did not find reactive web application classes
2023-05-20T12:15:03.045+05:30 TRACE 5960 --- [           main] o.s.b.a.c.OnWebApplicationCondition      : Condition OnWebApplicationCondition on org.springframework.boot.autoconfigure.websocket.reactive.WebSocketReactiveAutoConfiguration did not match due to @ConditionalOnWebApplication did not find reactive web application classes
2023-05-20T12:15:03.045+05:30 TRACE 5960 --- [           main] o.s.b.f.s.DefaultListableBeanFactory     : Returning cached instance of singleton bean 'autoConfigurationReport'
2023-05-20T12:15:03.048+05:30 TRACE 5960 --- [           main] o.s.b.a.condition.OnBeanCondition        : Condition OnBeanCondition on org.springframework.boot.autoconfigure.mail.MailSenderValidatorAutoConfiguration did not match due to @ConditionalOnSingleCandidate did not find required type 'org.springframework.mail.javamail.JavaMailSenderImpl'
2023-05-20T12:15:03.052+05:30 TRACE 5960 --- [           main] o.s.b.a.AutoConfigurationImportSelector  : Filtered 122 auto configuration class in 70 ms
2023-05-20T12:15:03.053+05:30 TRACE 5960 --- [           main] o.s.c.io.support.SpringFactoriesLoader   : Loaded [org.springframework.boot.autoconfigure.AutoConfigurationImportListener] names: [org.springframework.boot.autoconfigure.condition.ConditionEvaluationReportAutoConfigurationImportListener]
2023-05-20T12:15:03.054+05:30 TRACE 5960 --- [           main] o.s.b.f.s.DefaultListableBeanFactory     : Returning cached instance of singleton bean 'autoConfigurationReport'
2023-05-20T12:15:03.061+05:30 TRACE 5960 --- [           main] o.s.b.f.s.DefaultListableBeanFactory     : Returning cached instance of singleton bean 'org.springframework.boot.autoconfigure.internalCachingMetadataReaderFactory'
2023-05-20T12:15:03.066+05:30 TRACE 5960 --- [           main] o.s.b.f.s.DefaultListableBeanFactory     : Returning cached instance of singleton bean 'autoConfigurationReport'
2023-05-20T12:15:03.067+05:30 TRACE 5960 --- [           main] o.s.b.f.s.DefaultListableBeanFactory     : Returning cached instance of singleton bean 'autoConfigurationReport'
2023-05-20T12:15:03.067+05:30 TRACE 5960 --- [           main] o.s.b.f.s.DefaultListableBeanFactory     : Returning cached instance of singleton bean 'autoConfigurationReport'
2023-05-20T12:15:03.067+05:30 TRACE 5960 --- [           main] o.s.b.f.s.DefaultListableBeanFactory     : Returning cached instance of singleton bean 'autoConfigurationReport'
2023-05-20T12:15:03.067+05:30 TRACE 5960 --- [           main] o.s.b.f.s.DefaultListableBeanFactory     : Returning cached instance of singleton bean 'autoConfigurationReport'
2023-05-20T12:15:03.067+05:30 TRACE 5960 --- [           main] o.s.b.f.s.DefaultListableBeanFactory     : Returning cached instance of singleton bean 'autoConfigurationReport'
2023-05-20T12:15:03.081+05:30 TRACE 5960 --- [           main] .i.s.PathMatchingResourcePatternResolver : Resolved module-path location pattern [messages.properties] to resources []
2023-05-20T12:15:03.081+05:30 TRACE 5960 --- [           main] .i.s.PathMatchingResourcePatternResolver : Resolved classpath location [messages.properties] to resources []
2023-05-20T12:15:03.081+05:30 TRACE 5960 --- [           main] utoConfiguration$ResourceBundleCondition : Condition MessageSourceAutoConfiguration.ResourceBundleCondition on org.springframework.boot.autoconfigure.context.MessageSourceAutoConfiguration did not match due to ResourceBundle did not find bundle with basename messages
2023-05-20T12:15:03.081+05:30 TRACE 5960 --- [           main] o.s.b.f.s.DefaultListableBeanFactory     : Returning cached instance of singleton bean 'autoConfigurationReport'
2023-05-20T12:15:03.081+05:30 TRACE 5960 --- [           main] o.s.b.f.s.DefaultListableBeanFactory     : Returning cached instance of singleton bean 'autoConfigurationReport'
2023-05-20T12:15:03.081+05:30 TRACE 5960 --- [           main] o.s.b.f.s.DefaultListableBeanFactory     : Returning cached instance of singleton bean 'autoConfigurationReport'
2023-05-20T12:15:03.081+05:30 TRACE 5960 --- [           main] o.s.b.f.s.DefaultListableBeanFactory     : Returning cached instance of singleton bean 'autoConfigurationReport'
2023-05-20T12:15:03.081+05:30 TRACE 5960 --- [           main] o.s.b.f.s.DefaultListableBeanFactory     : Returning cached instance of singleton bean 'autoConfigurationReport'
2023-05-20T12:15:03.081+05:30 TRACE 5960 --- [           main] o.s.b.f.s.DefaultListableBeanFactory     : Returning cached instance of singleton bean 'autoConfigurationReport'
2023-05-20T12:15:03.081+05:30 TRACE 5960 --- [           main] o.s.b.f.s.DefaultListableBeanFactory     : Returning cached instance of singleton bean 'autoConfigurationReport'
2023-05-20T12:15:03.082+05:30 TRACE 5960 --- [           main] o.s.b.f.s.DefaultListableBeanFactory     : Returning cached instance of singleton bean 'autoConfigurationReport'
2023-05-20T12:15:03.082+05:30 TRACE 5960 --- [           main] o.s.b.f.s.DefaultListableBeanFactory     : Returning cached instance of singleton bean 'autoConfigurationReport'
2023-05-20T12:15:03.082+05:30 TRACE 5960 --- [           main] o.s.b.f.s.DefaultListableBeanFactory     : Returning cached instance of singleton bean 'autoConfigurationReport'
2023-05-20T12:15:03.087+05:30 TRACE 5960 --- [           main] o.s.b.f.s.DefaultListableBeanFactory     : Returning cached instance of singleton bean 'autoConfigurationReport'
2023-05-20T12:15:03.087+05:30 TRACE 5960 --- [           main] o.s.b.f.s.DefaultListableBeanFactory     : Returning cached instance of singleton bean 'autoConfigurationReport'
2023-05-20T12:15:03.087+05:30 TRACE 5960 --- [           main] o.s.b.f.s.DefaultListableBeanFactory     : Returning cached instance of singleton bean 'autoConfigurationReport'
2023-05-20T12:15:03.087+05:30 TRACE 5960 --- [           main] o.s.b.f.s.DefaultListableBeanFactory     : Returning cached instance of singleton bean 'autoConfigurationReport'
2023-05-20T12:15:03.087+05:30 TRACE 5960 --- [           main] o.s.b.f.s.DefaultListableBeanFactory     : Returning cached instance of singleton bean 'autoConfigurationReport'
2023-05-20T12:15:03.087+05:30 TRACE 5960 --- [           main] o.s.b.f.s.DefaultListableBeanFactory     : Returning cached instance of singleton bean 'autoConfigurationReport'
2023-05-20T12:15:03.088+05:30 TRACE 5960 --- [           main] o.s.b.f.s.DefaultListableBeanFactory     : Returning cached instance of singleton bean 'autoConfigurationReport'
2023-05-20T12:15:03.088+05:30 TRACE 5960 --- [           main] o.s.b.f.s.DefaultListableBeanFactory     : Returning cached instance of singleton bean 'autoConfigurationReport'
2023-05-20T12:15:03.088+05:30 TRACE 5960 --- [           main] o.s.b.f.s.DefaultListableBeanFactory     : Returning cached instance of singleton bean 'autoConfigurationReport'
2023-05-20T12:15:03.091+05:30 TRACE 5960 --- [           main] o.s.b.f.s.DefaultListableBeanFactory     : Returning cached instance of singleton bean 'autoConfigurationReport'
2023-05-20T12:15:03.091+05:30 TRACE 5960 --- [           main] o.s.b.f.s.DefaultListableBeanFactory     : Returning cached instance of singleton bean 'autoConfigurationReport'
2023-05-20T12:15:03.092+05:30 TRACE 5960 --- [           main] o.s.b.f.s.DefaultListableBeanFactory     : Returning cached instance of singleton bean 'autoConfigurationReport'
2023-05-20T12:15:03.092+05:30 TRACE 5960 --- [           main] o.s.b.f.s.DefaultListableBeanFactory     : Returning cached instance of singleton bean 'autoConfigurationReport'
2023-05-20T12:15:03.092+05:30 TRACE 5960 --- [           main] o.s.b.f.s.DefaultListableBeanFactory     : Returning cached instance of singleton bean 'autoConfigurationReport'
2023-05-20T12:15:03.093+05:30 TRACE 5960 --- [           main] o.s.b.f.s.DefaultListableBeanFactory     : Returning cached instance of singleton bean 'autoConfigurationReport'
2023-05-20T12:15:03.094+05:30 TRACE 5960 --- [           main] o.s.b.a.condition.OnClassCondition       : Condition OnClassCondition on org.springframework.boot.autoconfigure.websocket.servlet.WebSocketServletAutoConfiguration matched due to @ConditionalOnClass found required classes 'jakarta.servlet.Servlet', 'jakarta.websocket.server.ServerContainer'
2023-05-20T12:15:03.094+05:30 TRACE 5960 --- [           main] o.s.b.f.s.DefaultListableBeanFactory     : Returning cached instance of singleton bean 'autoConfigurationReport'
2023-05-20T12:15:03.095+05:30 TRACE 5960 --- [           main] o.s.b.a.c.OnWebApplicationCondition      : Condition OnWebApplicationCondition on org.springframework.boot.autoconfigure.websocket.servlet.WebSocketServletAutoConfiguration matched due to found 'session' scope
[...]
2023-05-20T12:15:05.606+05:30 TRACE 5960 --- [           main] o.s.b.f.s.DefaultListableBeanFactory     : Returning cached instance of singleton bean 'beanNameHandlerMapping'
2023-05-20T12:15:05.606+05:30 TRACE 5960 --- [           main] o.s.b.f.s.DefaultListableBeanFactory     : Returning cached instance of singleton bean 'routerFunctionMapping'
2023-05-20T12:15:05.606+05:30 TRACE 5960 --- [           main] o.s.b.f.s.DefaultListableBeanFactory     : Returning cached instance of singleton bean 'resourceHandlerMapping'
2023-05-20T12:15:05.606+05:30 TRACE 5960 --- [           main] o.s.b.f.s.DefaultListableBeanFactory     : Returning cached instance of singleton bean 'mvcResourceUrlProvider'
2023-05-20T12:15:05.606+05:30 TRACE 5960 --- [           main] o.s.b.f.s.DefaultListableBeanFactory     : Returning cached instance of singleton bean 'defaultServletHandlerMapping'
2023-05-20T12:15:05.606+05:30 TRACE 5960 --- [           main] o.s.b.f.s.DefaultListableBeanFactory     : Returning cached instance of singleton bean 'handlerFunctionAdapter'
2023-05-20T12:15:05.606+05:30 TRACE 5960 --- [           main] o.s.b.f.s.DefaultListableBeanFactory     : Returning cached instance of singleton bean 'mvcUriComponentsContributor'
2023-05-20T12:15:05.606+05:30 TRACE 5960 --- [           main] o.s.b.f.s.DefaultListableBeanFactory     : Returning cached instance of singleton bean 'httpRequestHandlerAdapter'
2023-05-20T12:15:05.606+05:30 TRACE 5960 --- [           main] o.s.b.f.s.DefaultListableBeanFactory     : Returning cached instance of singleton bean 'simpleControllerHandlerAdapter'
2023-05-20T12:15:05.606+05:30 TRACE 5960 --- [           main] o.s.b.f.s.DefaultListableBeanFactory     : Returning cached instance of singleton bean 'handlerExceptionResolver'
2023-05-20T12:15:05.606+05:30 TRACE 5960 --- [           main] o.s.b.f.s.DefaultListableBeanFactory     : Returning cached instance of singleton bean 'mvcViewResolver'
2023-05-20T12:15:05.606+05:30 TRACE 5960 --- [           main] o.s.b.f.s.DefaultListableBeanFactory     : Returning cached instance of singleton bean 'viewNameTranslator'
2023-05-20T12:15:05.606+05:30 TRACE 5960 --- [           main] o.s.b.f.s.DefaultListableBeanFactory     : Returning cached instance of singleton bean 'spring.web-org.springframework.boot.autoconfigure.web.WebProperties'
2023-05-20T12:15:05.606+05:30 TRACE 5960 --- [           main] o.s.b.f.s.DefaultListableBeanFactory     : Returning cached instance of singleton bean 'org.springframework.boot.autoconfigure.web.servlet.WebMvcAutoConfiguration$WebMvcAutoConfigurationAdapter'
2023-05-20T12:15:05.606+05:30 TRACE 5960 --- [           main] o.s.b.f.s.DefaultListableBeanFactory     : Returning cached instance of singleton bean 'defaultViewResolver'
2023-05-20T12:15:05.606+05:30 TRACE 5960 --- [           main] o.s.b.f.s.DefaultListableBeanFactory     : Returning cached instance of singleton bean 'viewResolver'
2023-05-20T12:15:05.606+05:30 TRACE 5960 --- [           main] o.s.b.f.s.DefaultListableBeanFactory     : Returning cached instance of singleton bean 'requestContextFilter'
2023-05-20T12:15:05.606+05:30 TRACE 5960 --- [           main] o.s.b.f.s.DefaultListableBeanFactory     : Returning cached instance of singleton bean 'org.springframework.boot.autoconfigure.web.servlet.WebMvcAutoConfiguration'
2023-05-20T12:15:05.606+05:30 TRACE 5960 --- [           main] o.s.b.f.s.DefaultListableBeanFactory     : Returning cached instance of singleton bean 'formContentFilter'
2023-05-20T12:15:05.606+05:30 TRACE 5960 --- [           main] o.s.b.f.s.DefaultListableBeanFactory     : Returning cached instance of singleton bean 'org.springframework.boot.autoconfigure.aop.AopAutoConfiguration$ClassProxyingConfiguration'
2023-05-20T12:15:05.606+05:30 TRACE 5960 --- [           main] o.s.b.f.s.DefaultListableBeanFactory     : Returning cached instance of singleton bean 'forceAutoProxyCreatorToUseClassProxying'
2023-05-20T12:15:05.606+05:30 TRACE 5960 --- [           main] o.s.b.f.s.DefaultListableBeanFactory     : Returning cached instance of singleton bean 'org.springframework.boot.autoconfigure.aop.AopAutoConfiguration'
2023-05-20T12:15:05.606+05:30 TRACE 5960 --- [           main] o.s.b.f.s.DefaultListableBeanFactory     : Returning cached instance of singleton bean 'org.springframework.boot.autoconfigure.availability.ApplicationAvailabilityAutoConfiguration'
2023-05-20T12:15:05.606+05:30 TRACE 5960 --- [           main] o.s.b.f.s.DefaultListableBeanFactory     : Returning cached instance of singleton bean 'applicationAvailability'
2023-05-20T12:15:05.606+05:30 TRACE 5960 --- [           main] o.s.b.f.s.DefaultListableBeanFactory     : Returning cached instance of singleton bean 'org.springframework.boot.autoconfigure.jackson.JacksonAutoConfiguration$Jackson2ObjectMapperBuilderCustomizerConfiguration'
2023-05-20T12:15:05.606+05:30 TRACE 5960 --- [           main] o.s.b.f.s.DefaultListableBeanFactory     : Returning cached instance of singleton bean 'standardJacksonObjectMapperBuilderCustomizer'
2023-05-20T12:15:05.606+05:30 TRACE 5960 --- [           main] o.s.b.f.s.DefaultListableBeanFactory     : Returning cached instance of singleton bean 'spring.jackson-org.springframework.boot.autoconfigure.jackson.JacksonProperties'
2023-05-20T12:15:05.606+05:30 TRACE 5960 --- [           main] o.s.b.f.s.DefaultListableBeanFactory     : Returning cached instance of singleton bean 'org.springframework.boot.autoconfigure.jackson.JacksonAutoConfiguration$JacksonObjectMapperBuilderConfiguration'
2023-05-20T12:15:05.606+05:30 TRACE 5960 --- [           main] o.s.b.f.s.DefaultListableBeanFactory     : Returning cached instance of singleton bean 'org.springframework.boot.autoconfigure.jackson.JacksonAutoConfiguration$ParameterNamesModuleConfiguration'
2023-05-20T12:15:05.606+05:30 TRACE 5960 --- [           main] o.s.b.f.s.DefaultListableBeanFactory     : Returning cached instance of singleton bean 'parameterNamesModule'
2023-05-20T12:15:05.606+05:30 TRACE 5960 --- [           main] o.s.b.f.s.DefaultListableBeanFactory     : Returning cached instance of singleton bean 'org.springframework.boot.autoconfigure.jackson.JacksonAutoConfiguration$JacksonObjectMapperConfiguration'
2023-05-20T12:15:05.606+05:30 TRACE 5960 --- [           main] o.s.b.f.s.DefaultListableBeanFactory     : Returning cached instance of singleton bean 'jacksonObjectMapper'
2023-05-20T12:15:05.606+05:30 TRACE 5960 --- [           main] o.s.b.f.s.DefaultListableBeanFactory     : Returning cached instance of singleton bean 'org.springframework.boot.autoconfigure.jackson.JacksonAutoConfiguration$JacksonMixinConfiguration'
2023-05-20T12:15:05.606+05:30 TRACE 5960 --- [           main] o.s.b.f.s.DefaultListableBeanFactory     : Returning cached instance of singleton bean 'jsonMixinModuleEntries'
2023-05-20T12:15:05.606+05:30 TRACE 5960 --- [           main] o.s.b.f.s.DefaultListableBeanFactory     : Returning cached instance of singleton bean 'jsonMixinModule'
2023-05-20T12:15:05.606+05:30 TRACE 5960 --- [           main] o.s.b.f.s.DefaultListableBeanFactory     : Returning cached instance of singleton bean 'org.springframework.boot.autoconfigure.jackson.JacksonAutoConfiguration'
2023-05-20T12:15:05.606+05:30 TRACE 5960 --- [           main] o.s.b.f.s.DefaultListableBeanFactory     : Returning cached instance of singleton bean 'jsonComponentModule'
2023-05-20T12:15:05.606+05:30 TRACE 5960 --- [           main] o.s.b.f.s.DefaultListableBeanFactory     : Returning cached instance of singleton bean 'org.springframework.boot.autoconfigure.context.ConfigurationPropertiesAutoConfiguration'
2023-05-20T12:15:05.606+05:30 TRACE 5960 --- [           main] o.s.b.f.s.DefaultListableBeanFactory     : Returning cached instance of singleton bean 'org.springframework.boot.autoconfigure.context.LifecycleAutoConfiguration'
2023-05-20T12:15:05.606+05:30 TRACE 5960 --- [           main] o.s.b.f.s.DefaultListableBeanFactory     : Returning cached instance of singleton bean 'lifecycleProcessor'
2023-05-20T12:15:05.607+05:30 TRACE 5960 --- [           main] o.s.b.f.s.DefaultListableBeanFactory     : Returning cached instance of singleton bean 'spring.lifecycle-org.springframework.boot.autoconfigure.context.LifecycleProperties'
2023-05-20T12:15:05.607+05:30 TRACE 5960 --- [           main] o.s.b.f.s.DefaultListableBeanFactory     : Returning cached instance of singleton bean 'org.springframework.boot.autoconfigure.http.HttpMessageConvertersAutoConfiguration$StringHttpMessageConverterConfiguration'
2023-05-20T12:15:05.607+05:30 TRACE 5960 --- [           main] o.s.b.f.s.DefaultListableBeanFactory     : Returning cached instance of singleton bean 'stringHttpMessageConverter'
2023-05-20T12:15:05.607+05:30 TRACE 5960 --- [           main] o.s.b.f.s.DefaultListableBeanFactory     : Returning cached instance of singleton bean 'org.springframework.boot.autoconfigure.http.JacksonHttpMessageConvertersConfiguration$MappingJackson2HttpMessageConverterConfiguration'
2023-05-20T12:15:05.607+05:30 TRACE 5960 --- [           main] o.s.b.f.s.DefaultListableBeanFactory     : Returning cached instance of singleton bean 'mappingJackson2HttpMessageConverter'
2023-05-20T12:15:05.607+05:30 TRACE 5960 --- [           main] o.s.b.f.s.DefaultListableBeanFactory     : Returning cached instance of singleton bean 'org.springframework.boot.autoconfigure.http.JacksonHttpMessageConvertersConfiguration'
2023-05-20T12:15:05.607+05:30 TRACE 5960 --- [           main] o.s.b.f.s.DefaultListableBeanFactory     : Returning cached instance of singleton bean 'org.springframework.boot.autoconfigure.http.HttpMessageConvertersAutoConfiguration'
2023-05-20T12:15:05.607+05:30 TRACE 5960 --- [           main] o.s.b.f.s.DefaultListableBeanFactory     : Returning cached instance of singleton bean 'messageConverters'
2023-05-20T12:15:05.607+05:30 TRACE 5960 --- [           main] o.s.b.f.s.DefaultListableBeanFactory     : Returning cached instance of singleton bean 'org.springframework.boot.autoconfigure.info.ProjectInfoAutoConfiguration'
2023-05-20T12:15:05.607+05:30 TRACE 5960 --- [           main] o.s.b.f.s.DefaultListableBeanFactory     : Returning cached instance of singleton bean 'spring.info-org.springframework.boot.autoconfigure.info.ProjectInfoProperties'
2023-05-20T12:15:05.607+05:30 TRACE 5960 --- [           main] o.s.b.f.s.DefaultListableBeanFactory     : Returning cached instance of singleton bean 'org.springframework.boot.autoconfigure.sql.init.SqlInitializationAutoConfiguration'
2023-05-20T12:15:05.607+05:30 TRACE 5960 --- [           main] o.s.b.f.s.DefaultListableBeanFactory     : Returning cached instance of singleton bean 'spring.sql.init-org.springframework.boot.autoconfigure.sql.init.SqlInitializationProperties'
2023-05-20T12:15:05.607+05:30 TRACE 5960 --- [           main] o.s.b.f.s.DefaultListableBeanFactory     : Returning cached instance of singleton bean 'org.springframework.boot.sql.init.dependency.DatabaseInitializationDependencyConfigurer$DependsOnDatabaseInitializationPostProcessor'
2023-05-20T12:15:05.607+05:30 TRACE 5960 --- [           main] o.s.b.f.s.DefaultListableBeanFactory     : Returning cached instance of singleton bean 'org.springframework.boot.autoconfigure.task.TaskSchedulingAutoConfiguration'
2023-05-20T12:15:05.607+05:30 TRACE 5960 --- [           main] o.s.b.f.s.DefaultListableBeanFactory     : Returning cached instance of singleton bean 'taskSchedulerBuilder'
2023-05-20T12:15:05.607+05:30 TRACE 5960 --- [           main] o.s.b.f.s.DefaultListableBeanFactory     : Returning cached instance of singleton bean 'spring.task.scheduling-org.springframework.boot.autoconfigure.task.TaskSchedulingProperties'
2023-05-20T12:15:05.607+05:30 TRACE 5960 --- [           main] o.s.b.f.s.DefaultListableBeanFactory     : Returning cached instance of singleton bean 'org.springframework.boot.autoconfigure.web.client.RestTemplateAutoConfiguration'
2023-05-20T12:15:05.607+05:30 TRACE 5960 --- [           main] o.s.b.f.s.DefaultListableBeanFactory     : Returning cached instance of singleton bean 'org.springframework.boot.autoconfigure.web.servlet.HttpEncodingAutoConfiguration'
2023-05-20T12:15:05.607+05:30 TRACE 5960 --- [           main] o.s.b.f.s.DefaultListableBeanFactory     : Returning cached instance of singleton bean 'characterEncodingFilter'
2023-05-20T12:15:05.607+05:30 TRACE 5960 --- [           main] o.s.b.f.s.DefaultListableBeanFactory     : Returning cached instance of singleton bean 'localeCharsetMappingsCustomizer'
2023-05-20T12:15:05.607+05:30 TRACE 5960 --- [           main] o.s.b.f.s.DefaultListableBeanFactory     : Returning cached instance of singleton bean 'org.springframework.boot.autoconfigure.web.servlet.MultipartAutoConfiguration'
2023-05-20T12:15:05.607+05:30 TRACE 5960 --- [           main] o.s.b.f.s.DefaultListableBeanFactory     : Returning cached instance of singleton bean 'multipartConfigElement'
2023-05-20T12:15:05.607+05:30 TRACE 5960 --- [           main] o.s.b.f.s.DefaultListableBeanFactory     : Returning cached instance of singleton bean 'multipartResolver'
2023-05-20T12:15:05.607+05:30 TRACE 5960 --- [           main] o.s.b.f.s.DefaultListableBeanFactory     : Returning cached instance of singleton bean 'spring.servlet.multipart-org.springframework.boot.autoconfigure.web.servlet.MultipartProperties'
2023-05-20T12:15:05.607+05:30 TRACE 5960 --- [           main] o.s.b.f.s.DefaultListableBeanFactory     : Returning cached instance of singleton bean 'org.springframework.aop.config.internalAutoProxyCreator'
2023-05-20T12:15:05.607+05:30 TRACE 5960 --- [           main] o.s.b.f.s.DefaultListableBeanFactory     : Returning cached instance of singleton bean 'org.springframework.boot.test.mock.mockito.MockitoBeans'
2023-05-20T12:15:05.609+05:30 TRACE 5960 --- [           main] c.DefaultCacheAwareContextLoaderDelegate : Retrieved ApplicationContext [583015088] from cache with key [WebMergedContextConfiguration@414f13fc testClass = com.example.demo.DemoApplicationTests, locations = [], classes = [com.example.demo.DemoApplication], contextInitializerClasses = [], activeProfiles = [], propertySourceLocations = [], propertySourceProperties = ["org.springframework.boot.test.context.SpringBootTestContextBootstrapper=true"], contextCustomizers = [org.springframework.boot.test.context.filter.ExcludeFilterContextCustomizer@31ea9581, org.springframework.boot.test.json.DuplicateJsonObjectContextCustomizerFactory$DuplicateJsonObjectContextCustomizer@221a3fa4, org.springframework.boot.test.mock.mockito.MockitoContextCustomizer@0, org.springframework.boot.test.web.client.TestRestTemplateContextCustomizer@73eb439a, org.springframework.boot.test.autoconfigure.actuate.observability.ObservabilityContextCustomizerFactory$DisableObservabilityContextCustomizer@1f, org.springframework.boot.test.autoconfigure.properties.PropertyMappingContextCustomizer@0, org.springframework.boot.test.autoconfigure.web.servlet.WebDriverContextCustomizerFactory$Customizer@3de8f619, org.springframework.boot.test.context.SpringBootTestAnnotation@6e5c6e5c], resourceBasePath = "src/main/webapp", contextLoader = org.springframework.boot.test.context.SpringBootContextLoader, parent = null]
2023-05-20T12:15:05.609+05:30 DEBUG 5960 --- [           main] org.springframework.test.context.cache   : Spring test ApplicationContext cache statistics: [DefaultContextCache@4b76aa5a size = 1, maxSize = 32, parentContextCount = 0, hitCount = 11, missCount = 1]
2023-05-20T12:15:05.609+05:30 TRACE 5960 --- [           main] tractDirtiesContextTestExecutionListener : After test method: context [DefaultTestContext@120d3fd testClass = com.example.demo.DemoApplicationTests, testInstance = com.example.demo.DemoApplicationTests@38c9e0d6, testMethod = contextLoads(), testException = null, mergedContextConfiguration = [WebMergedContextConfiguration@414f13fc testClass = com.example.demo.DemoApplicationTests, locations = [], classes = [com.example.demo.DemoApplication], contextInitializerClasses = [], activeProfiles = [], propertySourceLocations = [], propertySourceProperties = ["org.springframework.boot.test.context.SpringBootTestContextBootstrapper=true"], contextCustomizers = [org.springframework.boot.test.context.filter.ExcludeFilterContextCustomizer@31ea9581, org.springframework.boot.test.json.DuplicateJsonObjectContextCustomizerFactory$DuplicateJsonObjectContextCustomizer@221a3fa4, org.springframework.boot.test.mock.mockito.MockitoContextCustomizer@0, org.springframework.boot.test.web.client.TestRestTemplateContextCustomizer@73eb439a, org.springframework.boot.test.autoconfigure.actuate.observability.ObservabilityContextCustomizerFactory$DisableObservabilityContextCustomizer@1f, org.springframework.boot.test.autoconfigure.properties.PropertyMappingContextCustomizer@0, org.springframework.boot.test.autoconfigure.web.servlet.WebDriverContextCustomizerFactory$Customizer@3de8f619, org.springframework.boot.test.context.SpringBootTestAnnotation@6e5c6e5c], resourceBasePath = "src/main/webapp", contextLoader = org.springframework.boot.test.context.SpringBootContextLoader, parent = null], attributes = {"org.springframework.test.context.web.ServletTestExecutionListener.activateListener" -> true, "org.springframework.test.context.web.ServletTestExecutionListener.populatedRequestContextHolder" -> true, "org.springframework.test.context.web.ServletTestExecutionListener.resetRequestContextHolder" -> true, "org.springframework.test.context.event.ApplicationEventsTestExecutionListener.recordApplicationEvents" -> false}], class annotated with @DirtiesContext [false] with mode [null], method annotated with @DirtiesContext [false] with mode [null]
2023-05-20T12:15:05.610+05:30 TRACE 5960 --- [           main] o.s.t.c.w.ServletTestExecutionListener   : Resetting RequestContextHolder for test context [DefaultTestContext@120d3fd testClass = com.example.demo.DemoApplicationTests, testInstance = com.example.demo.DemoApplicationTests@38c9e0d6, testMethod = contextLoads(), testException = null, mergedContextConfiguration = [WebMergedContextConfiguration@414f13fc testClass = com.example.demo.DemoApplicationTests, locations = [], classes = [com.example.demo.DemoApplication], contextInitializerClasses = [], activeProfiles = [], propertySourceLocations = [], propertySourceProperties = ["org.springframework.boot.test.context.SpringBootTestContextBootstrapper=true"], contextCustomizers = [org.springframework.boot.test.context.filter.ExcludeFilterContextCustomizer@31ea9581, org.springframework.boot.test.json.DuplicateJsonObjectContextCustomizerFactory$DuplicateJsonObjectContextCustomizer@221a3fa4, org.springframework.boot.test.mock.mockito.MockitoContextCustomizer@0, org.springframework.boot.test.web.client.TestRestTemplateContextCustomizer@73eb439a, org.springframework.boot.test.autoconfigure.actuate.observability.ObservabilityContextCustomizerFactory$DisableObservabilityContextCustomizer@1f, org.springframework.boot.test.autoconfigure.properties.PropertyMappingContextCustomizer@0, org.springframework.boot.test.autoconfigure.web.servlet.WebDriverContextCustomizerFactory$Customizer@3de8f619, org.springframework.boot.test.context.SpringBootTestAnnotation@6e5c6e5c], resourceBasePath = "src/main/webapp", contextLoader = org.springframework.boot.test.context.SpringBootContextLoader, parent = null], attributes = {"org.springframework.test.context.web.ServletTestExecutionListener.activateListener" -> true, "org.springframework.test.context.web.ServletTestExecutionListener.populatedRequestContextHolder" -> true, "org.springframework.test.context.web.ServletTestExecutionListener.resetRequestContextHolder" -> true, "org.springframework.test.context.event.ApplicationEventsTestExecutionListener.recordApplicationEvents" -> false}]
]]></system-out>
  </testcase>
</testsuite>